{"/home/travis/build/npmtest/node-npmtest-qwery/test.js":{"path":"/home/travis/build/npmtest/node-npmtest-qwery/test.js","s":{"1":2,"2":2,"3":2,"4":2,"5":2,"6":2,"7":2,"8":1,"9":2,"10":2,"11":1,"12":1,"13":1,"14":1,"15":2,"16":2,"17":2,"18":2,"19":1,"20":1,"21":2,"22":2,"23":2,"24":1,"25":1,"26":1,"27":1,"28":1,"29":1,"30":1,"31":1,"32":1,"33":1,"34":1,"35":1,"36":1,"37":1,"38":1,"39":2,"40":2,"41":1,"42":2,"43":2,"44":1,"45":2,"46":2,"47":1,"48":2,"49":2,"50":1,"51":1,"52":1,"53":1,"54":1},"b":{"1":[2,1,1,1],"2":[1,1,1,1],"3":[1,1],"4":[1,1],"5":[1,1],"6":[1,1],"7":[1,1],"8":[1,1],"9":[1,1],"10":[1,1,1],"11":[1,1],"12":[1,1],"13":[1,1],"14":[1,1],"15":[1,1],"16":[1,1],"17":[1,1]},"f":{"1":2,"2":2,"3":2,"4":2,"5":2,"6":1,"7":1,"8":1,"9":2,"10":2,"11":2,"12":2,"13":1},"fnMap":{"1":{"name":"(anonymous_1)","line":12,"loc":{"start":{"line":12,"column":1},"end":{"line":12,"column":13}}},"2":{"name":"(anonymous_2)","line":19,"loc":{"start":{"line":19,"column":5},"end":{"line":19,"column":17}}},"3":{"name":"(anonymous_3)","line":23,"loc":{"start":{"line":23,"column":24},"end":{"line":23,"column":36}}},"4":{"name":"(anonymous_4)","line":61,"loc":{"start":{"line":61,"column":5},"end":{"line":61,"column":17}}},"5":{"name":"(anonymous_5)","line":82,"loc":{"start":{"line":82,"column":5},"end":{"line":82,"column":17}}},"6":{"name":"(anonymous_6)","line":91,"loc":{"start":{"line":91,"column":77},"end":{"line":94,"column":10}}},"7":{"name":"(anonymous_7)","line":112,"loc":{"start":{"line":112,"column":83},"end":{"line":115,"column":10}},"skip":true},"8":{"name":"(anonymous_8)","line":123,"loc":{"start":{"line":123,"column":77},"end":{"line":126,"column":10}},"skip":true},"9":{"name":"(anonymous_9)","line":139,"loc":{"start":{"line":139,"column":12},"end":{"line":139,"column":40}},"skip":true},"10":{"name":"(anonymous_10)","line":147,"loc":{"start":{"line":147,"column":77},"end":{"line":150,"column":10}},"skip":true},"11":{"name":"(anonymous_11)","line":158,"loc":{"start":{"line":158,"column":83},"end":{"line":161,"column":10}},"skip":true},"12":{"name":"(anonymous_12)","line":169,"loc":{"start":{"line":169,"column":79},"end":{"line":172,"column":10}},"skip":true},"13":{"name":"(anonymous_13)","line":180,"loc":{"start":{"line":180,"column":75},"end":{"line":183,"column":10}},"skip":true}},"statementMap":{"1":{"start":{"line":12,"column":0},"end":{"line":195,"column":5}},"2":{"start":{"line":14,"column":4},"end":{"line":14,"column":14}},"3":{"start":{"line":19,"column":4},"end":{"line":56,"column":9}},"4":{"start":{"line":21,"column":8},"end":{"line":21,"column":19}},"5":{"start":{"line":23,"column":8},"end":{"line":35,"column":13}},"6":{"start":{"line":24,"column":12},"end":{"line":34,"column":13}},"7":{"start":{"line":25,"column":16},"end":{"line":28,"column":30}},"8":{"start":{"line":30,"column":16},"end":{"line":33,"column":27}},"9":{"start":{"line":37,"column":8},"end":{"line":39,"column":21}},"10":{"start":{"line":40,"column":8},"end":{"line":53,"column":9}},"11":{"start":{"line":43,"column":12},"end":{"line":46,"column":14}},"12":{"start":{"line":47,"column":12},"end":{"line":47,"column":18}},"13":{"start":{"line":50,"column":12},"end":{"line":51,"column":33}},"14":{"start":{"line":52,"column":12},"end":{"line":52,"column":18}},"15":{"start":{"line":55,"column":8},"end":{"line":55,"column":35}},"16":{"start":{"line":61,"column":4},"end":{"line":63,"column":9}},"17":{"start":{"line":62,"column":8},"end":{"line":62,"column":15}},"18":{"start":{"line":64,"column":4},"end":{"line":77,"column":5}},"19":{"start":{"line":70,"column":8},"end":{"line":70,"column":14}},"20":{"start":{"line":76,"column":8},"end":{"line":76,"column":14}},"21":{"start":{"line":82,"column":4},"end":{"line":84,"column":9}},"22":{"start":{"line":83,"column":8},"end":{"line":83,"column":15}},"23":{"start":{"line":85,"column":4},"end":{"line":194,"column":5}},"24":{"start":{"line":91,"column":8},"end":{"line":99,"column":10}},"25":{"start":{"line":98,"column":12},"end":{"line":98,"column":35}},"26":{"start":{"line":102,"column":8},"end":{"line":104,"column":63}},"27":{"start":{"line":105,"column":8},"end":{"line":105,"column":14}},"28":{"start":{"line":112,"column":8},"end":{"line":121,"column":10},"skip":true},"29":{"start":{"line":119,"column":12},"end":{"line":119,"column":55},"skip":true},"30":{"start":{"line":120,"column":12},"end":{"line":120,"column":48},"skip":true},"31":{"start":{"line":123,"column":8},"end":{"line":136,"column":10},"skip":true},"32":{"start":{"line":130,"column":12},"end":{"line":130,"column":76},"skip":true},"33":{"start":{"line":131,"column":12},"end":{"line":131,"column":73},"skip":true},"34":{"start":{"line":132,"column":12},"end":{"line":132,"column":74},"skip":true},"35":{"start":{"line":133,"column":12},"end":{"line":133,"column":79},"skip":true},"36":{"start":{"line":134,"column":12},"end":{"line":134,"column":25},"skip":true},"37":{"start":{"line":135,"column":12},"end":{"line":135,"column":45},"skip":true},"38":{"start":{"line":138,"column":8},"end":{"line":145,"column":14},"skip":true},"39":{"start":{"line":143,"column":16},"end":{"line":143,"column":29},"skip":true},"40":{"start":{"line":144,"column":16},"end":{"line":144,"column":55},"skip":true},"41":{"start":{"line":147,"column":8},"end":{"line":156,"column":10},"skip":true},"42":{"start":{"line":154,"column":12},"end":{"line":154,"column":25},"skip":true},"43":{"start":{"line":155,"column":12},"end":{"line":155,"column":45},"skip":true},"44":{"start":{"line":158,"column":8},"end":{"line":167,"column":10},"skip":true},"45":{"start":{"line":165,"column":12},"end":{"line":165,"column":25},"skip":true},"46":{"start":{"line":166,"column":12},"end":{"line":166,"column":48},"skip":true},"47":{"start":{"line":169,"column":8},"end":{"line":178,"column":10},"skip":true},"48":{"start":{"line":176,"column":12},"end":{"line":176,"column":25},"skip":true},"49":{"start":{"line":177,"column":12},"end":{"line":177,"column":46},"skip":true},"50":{"start":{"line":180,"column":8},"end":{"line":189,"column":10},"skip":true},"51":{"start":{"line":187,"column":12},"end":{"line":187,"column":94},"skip":true},"52":{"start":{"line":188,"column":12},"end":{"line":188,"column":48},"skip":true},"53":{"start":{"line":192,"column":8},"end":{"line":192,"column":35},"skip":true},"54":{"start":{"line":193,"column":8},"end":{"line":193,"column":14},"skip":true}},"branchMap":{"1":{"line":25,"type":"binary-expr","locations":[{"start":{"line":25,"column":23},"end":{"line":25,"column":62}},{"start":{"line":26,"column":20},"end":{"line":26,"column":70}},{"start":{"line":27,"column":20},"end":{"line":27,"column":71}},{"start":{"line":28,"column":20},"end":{"line":28,"column":29}}]},"2":{"line":30,"type":"binary-expr","locations":[{"start":{"line":30,"column":23},"end":{"line":30,"column":37}},{"start":{"line":31,"column":20},"end":{"line":31,"column":61}},{"start":{"line":32,"column":20},"end":{"line":32,"column":70}},{"start":{"line":33,"column":20},"end":{"line":33,"column":26}}]},"3":{"line":37,"type":"cond-expr","locations":[{"start":{"line":38,"column":14},"end":{"line":38,"column":20}},{"start":{"line":39,"column":14},"end":{"line":39,"column":20}}]},"4":{"line":40,"type":"switch","locations":[{"start":{"line":42,"column":8},"end":{"line":47,"column":18}},{"start":{"line":49,"column":8},"end":{"line":52,"column":18}}]},"5":{"line":44,"type":"binary-expr","locations":[{"start":{"line":44,"column":16},"end":{"line":44,"column":44}},{"start":{"line":44,"column":48},"end":{"line":44,"column":66}}]},"6":{"line":50,"type":"binary-expr","locations":[{"start":{"line":50,"column":21},"end":{"line":50,"column":49}},{"start":{"line":50,"column":53},"end":{"line":50,"column":72}}]},"7":{"line":64,"type":"switch","locations":[{"start":{"line":69,"column":4},"end":{"line":70,"column":14}},{"start":{"line":75,"column":4},"end":{"line":76,"column":14}}]},"8":{"line":85,"type":"switch","locations":[{"start":{"line":90,"column":4},"end":{"line":105,"column":14}},{"start":{"line":111,"column":4},"end":{"line":193,"column":14},"skip":true}]},"9":{"line":91,"type":"binary-expr","locations":[{"start":{"line":91,"column":42},"end":{"line":91,"column":73}},{"start":{"line":91,"column":77},"end":{"line":99,"column":9}}]},"10":{"line":102,"type":"binary-expr","locations":[{"start":{"line":102,"column":18},"end":{"line":102,"column":32}},{"start":{"line":103,"column":12},"end":{"line":103,"column":53}},{"start":{"line":104,"column":12},"end":{"line":104,"column":61}}]},"11":{"line":112,"type":"binary-expr","locations":[{"start":{"line":112,"column":45},"end":{"line":112,"column":79},"skip":true},{"start":{"line":112,"column":83},"end":{"line":121,"column":9},"skip":true}]},"12":{"line":123,"type":"binary-expr","locations":[{"start":{"line":123,"column":42},"end":{"line":123,"column":73},"skip":true},{"start":{"line":123,"column":77},"end":{"line":136,"column":9},"skip":true}]},"13":{"line":138,"type":"binary-expr","locations":[{"start":{"line":138,"column":48},"end":{"line":138,"column":85},"skip":true},{"start":{"line":139,"column":12},"end":{"line":145,"column":13},"skip":true}]},"14":{"line":147,"type":"binary-expr","locations":[{"start":{"line":147,"column":42},"end":{"line":147,"column":73},"skip":true},{"start":{"line":147,"column":77},"end":{"line":156,"column":9},"skip":true}]},"15":{"line":158,"type":"binary-expr","locations":[{"start":{"line":158,"column":45},"end":{"line":158,"column":79},"skip":true},{"start":{"line":158,"column":83},"end":{"line":167,"column":9},"skip":true}]},"16":{"line":169,"type":"binary-expr","locations":[{"start":{"line":169,"column":43},"end":{"line":169,"column":75},"skip":true},{"start":{"line":169,"column":79},"end":{"line":178,"column":9},"skip":true}]},"17":{"line":180,"type":"binary-expr","locations":[{"start":{"line":180,"column":41},"end":{"line":180,"column":71},"skip":true},{"start":{"line":180,"column":75},"end":{"line":189,"column":9},"skip":true}]}},"code":["/* istanbul instrument in package npmtest_qwery */","/*jslint","    bitwise: true,","    browser: true,","    maxerr: 8,","    maxlen: 96,","    node: true,","    nomen: true,","    regexp: true,","    stupid: true","*/","(function () {","    'use strict';","    var local;","","","","    // run shared js-env code - init-before","    (function () {","        // init local","        local = {};","        // init modeJs","        local.modeJs = (function () {","            try {","                return typeof navigator.userAgent === 'string' &&","                    typeof document.querySelector('body') === 'object' &&","                    typeof XMLHttpRequest.prototype.open === 'function' &&","                    'browser';","            } catch (errorCaughtBrowser) {","                return module.exports &&","                    typeof process.versions.node === 'string' &&","                    typeof require('http').createServer === 'function' &&","                    'node';","            }","        }());","        // init global","        local.global = local.modeJs === 'browser'","            ? window","            : global;","        switch (local.modeJs) {","        // re-init local from window.local","        case 'browser':","            local = local.global.utility2.objectSetDefault(","                local.global.utility2_rollup || local.global.local,","                local.global.utility2","            );","            break;","        // re-init local from example.js","        case 'node':","            local = (local.global.utility2_rollup || require('utility2'))","                .requireReadme();","            break;","        }","        // export local","        local.global.local = local;","    }());","","","","    // run shared js-env code - function","    (function () {","        return;","    }());","    switch (local.modeJs) {","","","","    // run browser js-env code - function","    case 'browser':","        break;","","","","    // run node js-env code - function","    case 'node':","        break;","    }","","","","    // run shared js-env code - init-after","    (function () {","        return;","    }());","    switch (local.modeJs) {","","","","    // run browser js-env code - init-after","    case 'browser':","        local.testCase_browser_nullCase = local.testCase_browser_nullCase || function (","            options,","            onError","        ) {","        /*","         * this function will test browsers's null-case handling-behavior-behavior","         */","            onError(null, options);","        };","","        // run tests","        local.nop(local.modeTest &&","            document.querySelector('#testRunButton1') &&","            document.querySelector('#testRunButton1').click());","        break;","","","","    // run node js-env code - init-after","    /* istanbul ignore next */","    case 'node':","        local.testCase_buildApidoc_default = local.testCase_buildApidoc_default || function (","            options,","            onError","        ) {","        /*","         * this function will test buildApidoc's default handling-behavior-behavior","         */","            options = { modulePathList: module.paths };","            local.buildApidoc(options, onError);","        };","","        local.testCase_buildApp_default = local.testCase_buildApp_default || function (","            options,","            onError","        ) {","        /*","         * this function will test buildApp's default handling-behavior-behavior","         */","            local.testCase_buildReadme_default(options, local.onErrorThrow);","            local.testCase_buildLib_default(options, local.onErrorThrow);","            local.testCase_buildTest_default(options, local.onErrorThrow);","            local.testCase_buildCustomOrg_default(options, local.onErrorThrow);","            options = [];","            local.buildApp(options, onError);","        };","","        local.testCase_buildCustomOrg_default = local.testCase_buildCustomOrg_default ||","            function (options, onError) {","            /*","             * this function will test buildCustomOrg's default handling-behavior","             */","                options = {};","                local.buildCustomOrg(options, onError);","            };","","        local.testCase_buildLib_default = local.testCase_buildLib_default || function (","            options,","            onError","        ) {","        /*","         * this function will test buildLib's default handling-behavior","         */","            options = {};","            local.buildLib(options, onError);","        };","","        local.testCase_buildReadme_default = local.testCase_buildReadme_default || function (","            options,","            onError","        ) {","        /*","         * this function will test buildReadme's default handling-behavior-behavior","         */","            options = {};","            local.buildReadme(options, onError);","        };","","        local.testCase_buildTest_default = local.testCase_buildTest_default || function (","            options,","            onError","        ) {","        /*","         * this function will test buildTest's default handling-behavior","         */","            options = {};","            local.buildTest(options, onError);","        };","","        local.testCase_webpage_default = local.testCase_webpage_default || function (","            options,","            onError","        ) {","        /*","         * this function will test webpage's default handling-behavior","         */","            options = { modeCoverageMerge: true, url: local.serverLocalHost + '?modeTest=1' };","            local.browserTest(options, onError);","        };","","        // run test-server","        local.testRunServer(local);","        break;","    }","}());",""],"l":{"12":2,"14":2,"19":2,"21":2,"23":2,"24":2,"25":2,"30":1,"37":2,"40":2,"43":1,"47":1,"50":1,"52":1,"55":2,"61":2,"62":2,"64":2,"70":1,"76":1,"82":2,"83":2,"85":2,"91":1,"98":1,"102":1,"105":1,"112":1,"119":1,"120":1,"123":1,"130":1,"131":1,"132":1,"133":1,"134":1,"135":1,"138":1,"143":2,"144":2,"147":1,"154":2,"155":2,"158":1,"165":2,"166":2,"169":1,"176":2,"177":2,"180":1,"187":1,"188":1,"192":1,"193":1}},"/home/travis/build/npmtest/node-npmtest-qwery/lib.npmtest_qwery.js":{"path":"/home/travis/build/npmtest/node-npmtest-qwery/lib.npmtest_qwery.js","s":{"1":2,"2":2,"3":2,"4":2,"5":2,"6":2,"7":2,"8":1,"9":2,"10":2,"11":2,"12":2,"13":1,"14":1,"15":1,"16":1},"b":{"1":[2,1,1,1],"2":[1,1,1,1],"3":[1,1],"4":[2,2],"5":[1,1]},"f":{"1":2,"2":2,"3":2},"fnMap":{"1":{"name":"(anonymous_1)","line":12,"loc":{"start":{"line":12,"column":1},"end":{"line":12,"column":13}}},"2":{"name":"(anonymous_2)","line":19,"loc":{"start":{"line":19,"column":5},"end":{"line":19,"column":17}}},"3":{"name":"(anonymous_3)","line":23,"loc":{"start":{"line":23,"column":24},"end":{"line":23,"column":36}}}},"statementMap":{"1":{"start":{"line":12,"column":0},"end":{"line":53,"column":5}},"2":{"start":{"line":14,"column":4},"end":{"line":14,"column":14}},"3":{"start":{"line":19,"column":4},"end":{"line":52,"column":9}},"4":{"start":{"line":21,"column":8},"end":{"line":21,"column":19}},"5":{"start":{"line":23,"column":8},"end":{"line":35,"column":13}},"6":{"start":{"line":24,"column":12},"end":{"line":34,"column":13}},"7":{"start":{"line":25,"column":16},"end":{"line":28,"column":30}},"8":{"start":{"line":30,"column":16},"end":{"line":33,"column":27}},"9":{"start":{"line":37,"column":8},"end":{"line":39,"column":21}},"10":{"start":{"line":41,"column":8},"end":{"line":41,"column":54}},"11":{"start":{"line":43,"column":8},"end":{"line":43,"column":50}},"12":{"start":{"line":45,"column":8},"end":{"line":51,"column":9}},"13":{"start":{"line":46,"column":12},"end":{"line":46,"column":56}},"14":{"start":{"line":48,"column":12},"end":{"line":48,"column":35}},"15":{"start":{"line":49,"column":12},"end":{"line":49,"column":49}},"16":{"start":{"line":50,"column":12},"end":{"line":50,"column":43}}},"branchMap":{"1":{"line":25,"type":"binary-expr","locations":[{"start":{"line":25,"column":23},"end":{"line":25,"column":62}},{"start":{"line":26,"column":20},"end":{"line":26,"column":70}},{"start":{"line":27,"column":20},"end":{"line":27,"column":71}},{"start":{"line":28,"column":20},"end":{"line":28,"column":29}}]},"2":{"line":30,"type":"binary-expr","locations":[{"start":{"line":30,"column":23},"end":{"line":30,"column":37}},{"start":{"line":31,"column":20},"end":{"line":31,"column":61}},{"start":{"line":32,"column":20},"end":{"line":32,"column":70}},{"start":{"line":33,"column":20},"end":{"line":33,"column":26}}]},"3":{"line":37,"type":"cond-expr","locations":[{"start":{"line":38,"column":14},"end":{"line":38,"column":20}},{"start":{"line":39,"column":14},"end":{"line":39,"column":20}}]},"4":{"line":41,"type":"binary-expr","locations":[{"start":{"line":41,"column":16},"end":{"line":41,"column":44}},{"start":{"line":41,"column":48},"end":{"line":41,"column":53}}]},"5":{"line":45,"type":"if","locations":[{"start":{"line":45,"column":8},"end":{"line":45,"column":8}},{"start":{"line":45,"column":8},"end":{"line":45,"column":8}}]}},"code":["/* istanbul instrument in package npmtest_qwery */","/*jslint","    bitwise: true,","    browser: true,","    maxerr: 8,","    maxlen: 96,","    node: true,","    nomen: true,","    regexp: true,","    stupid: true","*/","(function () {","    'use strict';","    var local;","","","","    // run shared js-env code - init-before","    (function () {","        // init local","        local = {};","        // init modeJs","        local.modeJs = (function () {","            try {","                return typeof navigator.userAgent === 'string' &&","                    typeof document.querySelector('body') === 'object' &&","                    typeof XMLHttpRequest.prototype.open === 'function' &&","                    'browser';","            } catch (errorCaughtBrowser) {","                return module.exports &&","                    typeof process.versions.node === 'string' &&","                    typeof require('http').createServer === 'function' &&","                    'node';","            }","        }());","        // init global","        local.global = local.modeJs === 'browser'","            ? window","            : global;","        // init utility2_rollup","        local = local.global.utility2_rollup || local;","        // init lib","        local.local = local.npmtest_qwery = local;","        // init exports","        if (local.modeJs === 'browser') {","            local.global.utility2_npmtest_qwery = local;","        } else {","            module.exports = local;","            module.exports.__dirname = __dirname;","            module.exports.module = module;","        }","    }());","}());",""],"l":{"12":2,"14":2,"19":2,"21":2,"23":2,"24":2,"25":2,"30":1,"37":2,"41":2,"43":2,"45":2,"46":1,"48":1,"49":1,"50":1}},"/home/travis/build/npmtest/node-npmtest-qwery/example.js":{"path":"/home/travis/build/npmtest/node-npmtest-qwery/example.js","s":{"1":2,"2":2,"3":2,"4":2,"5":2,"6":2,"7":2,"8":1,"9":2,"10":2,"11":2,"12":2,"13":1,"14":2,"15":2,"16":2,"17":2,"18":2,"19":0,"20":2,"21":1,"22":1,"23":1,"24":1,"25":1,"26":0,"27":0,"28":1,"29":1,"30":2,"31":0,"32":0,"33":0,"34":1,"35":2,"36":2,"37":3,"38":3,"39":3,"40":3,"41":0,"42":3,"43":3,"44":3,"45":1,"46":3,"47":1,"48":1,"49":1,"50":1,"51":1,"52":1,"53":1,"54":1,"55":1,"56":1,"57":0,"58":1,"59":6,"60":6,"61":1,"62":2,"63":0,"64":2,"65":1,"66":1,"67":0,"68":0,"69":0,"70":0,"71":0,"72":0,"73":0,"74":0,"75":0,"76":0,"77":0,"78":0,"79":0,"80":0,"81":0,"82":0,"83":0},"b":{"1":[2,1,1,1],"2":[1,1,1,1],"3":[1,1],"4":[2,2],"5":[1,1],"6":[1,1],"7":[2,0],"8":[2,1,1,1,1,1],"9":[0,2,0],"10":[1,1],"11":[2,1,1],"12":[1,0],"13":[0,2],"14":[2,0,0,0,0,0,0],"15":[0,3],"16":[3,0],"17":[1,1],"18":[0,1],"19":[1,2,0,2],"20":[1,0],"21":[1,1],"22":[0,0],"23":[0,0],"24":[0,0],"25":[0,0],"26":[0,0],"27":[0,0],"28":[0,0]},"f":{"1":2,"2":2,"3":2,"4":2,"5":2,"6":2,"7":3,"8":3,"9":3,"10":1,"11":6,"12":0},"fnMap":{"1":{"name":"(anonymous_1)","line":26,"loc":{"start":{"line":26,"column":1},"end":{"line":26,"column":13}}},"2":{"name":"(anonymous_2)","line":33,"loc":{"start":{"line":33,"column":5},"end":{"line":33,"column":17}}},"3":{"name":"(anonymous_3)","line":37,"loc":{"start":{"line":37,"column":24},"end":{"line":37,"column":36}}},"4":{"name":"(anonymous_4)","line":69,"loc":{"start":{"line":69,"column":31},"end":{"line":69,"column":48}},"skip":true},"5":{"name":"(anonymous_5)","line":78,"loc":{"start":{"line":78,"column":26},"end":{"line":78,"column":45}},"skip":true},"6":{"name":"(anonymous_6)","line":123,"loc":{"start":{"line":123,"column":33},"end":{"line":123,"column":48}},"skip":true},"7":{"name":"(anonymous_7)","line":125,"loc":{"start":{"line":125,"column":27},"end":{"line":125,"column":39}},"skip":true},"8":{"name":"(anonymous_8)","line":133,"loc":{"start":{"line":133,"column":59},"end":{"line":133,"column":74}},"skip":true},"9":{"name":"(anonymous_9)","line":143,"loc":{"start":{"line":143,"column":45},"end":{"line":143,"column":62}},"skip":true},"10":{"name":"(anonymous_10)","line":144,"loc":{"start":{"line":144,"column":73},"end":{"line":144,"column":92}},"skip":true},"11":{"name":"(anonymous_11)","line":272,"loc":{"start":{"line":272,"column":51},"end":{"line":272,"column":77}},"skip":true},"12":{"name":"(anonymous_12)","line":315,"loc":{"start":{"line":315,"column":32},"end":{"line":315,"column":61}},"skip":true}},"statementMap":{"1":{"start":{"line":26,"column":0},"end":{"line":326,"column":5}},"2":{"start":{"line":28,"column":4},"end":{"line":28,"column":14}},"3":{"start":{"line":33,"column":4},"end":{"line":60,"column":9}},"4":{"start":{"line":35,"column":8},"end":{"line":35,"column":19}},"5":{"start":{"line":37,"column":8},"end":{"line":49,"column":13}},"6":{"start":{"line":38,"column":12},"end":{"line":48,"column":13}},"7":{"start":{"line":39,"column":16},"end":{"line":42,"column":30}},"8":{"start":{"line":44,"column":16},"end":{"line":47,"column":27}},"9":{"start":{"line":51,"column":8},"end":{"line":53,"column":21}},"10":{"start":{"line":55,"column":8},"end":{"line":57,"column":45}},"11":{"start":{"line":59,"column":8},"end":{"line":59,"column":35}},"12":{"start":{"line":61,"column":4},"end":{"line":325,"column":5}},"13":{"start":{"line":69,"column":8},"end":{"line":121,"column":10},"skip":true},"14":{"start":{"line":70,"column":12},"end":{"line":88,"column":13},"skip":true},"15":{"start":{"line":76,"column":16},"end":{"line":87,"column":19},"skip":true},"16":{"start":{"line":79,"column":20},"end":{"line":86,"column":21},"skip":true},"17":{"start":{"line":82,"column":24},"end":{"line":82,"column":43},"skip":true},"18":{"start":{"line":83,"column":24},"end":{"line":83,"column":30},"skip":true},"19":{"start":{"line":85,"column":24},"end":{"line":85,"column":49},"skip":true},"20":{"start":{"line":89,"column":12},"end":{"line":107,"column":13},"skip":true},"21":{"start":{"line":92,"column":16},"end":{"line":102,"column":17},"skip":true},"22":{"start":{"line":93,"column":20},"end":{"line":93,"column":86},"skip":true},"23":{"start":{"line":94,"column":20},"end":{"line":95,"column":45},"skip":true},"24":{"start":{"line":96,"column":20},"end":{"line":96,"column":42},"skip":true},"25":{"start":{"line":97,"column":20},"end":{"line":97,"column":48},"skip":true},"26":{"start":{"line":100,"column":20},"end":{"line":100,"column":85},"skip":true},"27":{"start":{"line":101,"column":20},"end":{"line":101,"column":96},"skip":true},"28":{"start":{"line":103,"column":16},"end":{"line":103,"column":22},"skip":true},"29":{"start":{"line":106,"column":16},"end":{"line":106,"column":22},"skip":true},"30":{"start":{"line":108,"column":12},"end":{"line":120,"column":13},"skip":true},"31":{"start":{"line":114,"column":16},"end":{"line":119,"column":17},"skip":true},"32":{"start":{"line":116,"column":20},"end":{"line":116,"column":78},"skip":true},"33":{"start":{"line":118,"column":20},"end":{"line":118,"column":47},"skip":true},"34":{"start":{"line":123,"column":8},"end":{"line":141,"column":11},"skip":true},"35":{"start":{"line":124,"column":12},"end":{"line":124,"column":54},"skip":true},"36":{"start":{"line":125,"column":12},"end":{"line":140,"column":14},"skip":true},"37":{"start":{"line":126,"column":16},"end":{"line":126,"column":28},"skip":true},"38":{"start":{"line":127,"column":16},"end":{"line":127,"column":69},"skip":true},"39":{"start":{"line":128,"column":16},"end":{"line":128,"column":75},"skip":true},"40":{"start":{"line":129,"column":16},"end":{"line":131,"column":17},"skip":true},"41":{"start":{"line":130,"column":20},"end":{"line":130,"column":27},"skip":true},"42":{"start":{"line":133,"column":16},"end":{"line":137,"column":36},"skip":true},"43":{"start":{"line":134,"column":20},"end":{"line":136,"column":55},"skip":true},"44":{"start":{"line":139,"column":16},"end":{"line":139,"column":57},"skip":true},"45":{"start":{"line":143,"column":8},"end":{"line":147,"column":11},"skip":true},"46":{"start":{"line":144,"column":12},"end":{"line":146,"column":15},"skip":true},"47":{"start":{"line":145,"column":16},"end":{"line":145,"column":70},"skip":true},"48":{"start":{"line":149,"column":8},"end":{"line":149,"column":31},"skip":true},"49":{"start":{"line":150,"column":8},"end":{"line":150,"column":14},"skip":true},"50":{"start":{"line":158,"column":8},"end":{"line":158,"column":31},"skip":true},"51":{"start":{"line":160,"column":8},"end":{"line":160,"column":33},"skip":true},"52":{"start":{"line":161,"column":8},"end":{"line":161,"column":37},"skip":true},"53":{"start":{"line":162,"column":8},"end":{"line":162,"column":35},"skip":true},"54":{"start":{"line":164,"column":8},"end":{"line":164,"column":50},"skip":true},"55":{"start":{"line":166,"column":8},"end":{"line":256,"column":2},"skip":true},"56":{"start":{"line":258,"column":8},"end":{"line":286,"column":9},"skip":true},"57":{"start":{"line":259,"column":12},"end":{"line":269,"column":14},"skip":true},"58":{"start":{"line":271,"column":12},"end":{"line":285,"column":19},"skip":true},"59":{"start":{"line":274,"column":20},"end":{"line":274,"column":35},"skip":true},"60":{"start":{"line":275,"column":20},"end":{"line":284,"column":21},"skip":true},"61":{"start":{"line":277,"column":24},"end":{"line":277,"column":64},"skip":true},"62":{"start":{"line":279,"column":24},"end":{"line":279,"column":40},"skip":true},"63":{"start":{"line":281,"column":24},"end":{"line":281,"column":40},"skip":true},"64":{"start":{"line":283,"column":24},"end":{"line":283,"column":39},"skip":true},"65":{"start":{"line":288,"column":8},"end":{"line":290,"column":9},"skip":true},"66":{"start":{"line":289,"column":12},"end":{"line":289,"column":18},"skip":true},"67":{"start":{"line":291,"column":8},"end":{"line":293,"column":54},"skip":true},"68":{"start":{"line":296,"column":8},"end":{"line":301,"column":37},"skip":true},"69":{"start":{"line":303,"column":8},"end":{"line":303,"column":82},"skip":true},"70":{"start":{"line":306,"column":8},"end":{"line":308,"column":9},"skip":true},"71":{"start":{"line":307,"column":12},"end":{"line":307,"column":82},"skip":true},"72":{"start":{"line":310,"column":8},"end":{"line":312,"column":9},"skip":true},"73":{"start":{"line":311,"column":12},"end":{"line":311,"column":18},"skip":true},"74":{"start":{"line":313,"column":8},"end":{"line":313,"column":54},"skip":true},"75":{"start":{"line":314,"column":8},"end":{"line":314,"column":69},"skip":true},"76":{"start":{"line":315,"column":8},"end":{"line":323,"column":36},"skip":true},"77":{"start":{"line":316,"column":12},"end":{"line":316,"column":61},"skip":true},"78":{"start":{"line":317,"column":12},"end":{"line":320,"column":13},"skip":true},"79":{"start":{"line":318,"column":16},"end":{"line":318,"column":75},"skip":true},"80":{"start":{"line":319,"column":16},"end":{"line":319,"column":23},"skip":true},"81":{"start":{"line":321,"column":12},"end":{"line":321,"column":38},"skip":true},"82":{"start":{"line":322,"column":12},"end":{"line":322,"column":27},"skip":true},"83":{"start":{"line":324,"column":8},"end":{"line":324,"column":14},"skip":true}},"branchMap":{"1":{"line":39,"type":"binary-expr","locations":[{"start":{"line":39,"column":23},"end":{"line":39,"column":62}},{"start":{"line":40,"column":20},"end":{"line":40,"column":70}},{"start":{"line":41,"column":20},"end":{"line":41,"column":71}},{"start":{"line":42,"column":20},"end":{"line":42,"column":29}}]},"2":{"line":44,"type":"binary-expr","locations":[{"start":{"line":44,"column":23},"end":{"line":44,"column":37}},{"start":{"line":45,"column":20},"end":{"line":45,"column":61}},{"start":{"line":46,"column":20},"end":{"line":46,"column":70}},{"start":{"line":47,"column":20},"end":{"line":47,"column":26}}]},"3":{"line":51,"type":"cond-expr","locations":[{"start":{"line":52,"column":14},"end":{"line":52,"column":20}},{"start":{"line":53,"column":14},"end":{"line":53,"column":20}}]},"4":{"line":55,"type":"binary-expr","locations":[{"start":{"line":55,"column":16},"end":{"line":55,"column":44}},{"start":{"line":55,"column":49},"end":{"line":57,"column":43}}]},"5":{"line":55,"type":"cond-expr","locations":[{"start":{"line":56,"column":14},"end":{"line":56,"column":49}},{"start":{"line":57,"column":14},"end":{"line":57,"column":43}}]},"6":{"line":61,"type":"switch","locations":[{"start":{"line":68,"column":4},"end":{"line":150,"column":14},"skip":true},{"start":{"line":156,"column":4},"end":{"line":324,"column":14},"skip":true}]},"7":{"line":70,"type":"if","locations":[{"start":{"line":70,"column":12},"end":{"line":70,"column":12},"skip":true},{"start":{"line":70,"column":12},"end":{"line":70,"column":12},"skip":true}]},"8":{"line":70,"type":"binary-expr","locations":[{"start":{"line":70,"column":16},"end":{"line":70,"column":22},"skip":true},{"start":{"line":70,"column":27},"end":{"line":70,"column":32},"skip":true},{"start":{"line":71,"column":20},"end":{"line":71,"column":39},"skip":true},{"start":{"line":72,"column":20},"end":{"line":72,"column":49},"skip":true},{"start":{"line":73,"column":20},"end":{"line":73,"column":58},"skip":true},{"start":{"line":74,"column":20},"end":{"line":74,"column":69},"skip":true}]},"9":{"line":79,"type":"switch","locations":[{"start":{"line":80,"column":20},"end":{"line":80,"column":33},"skip":true},{"start":{"line":81,"column":20},"end":{"line":83,"column":30},"skip":true},{"start":{"line":84,"column":20},"end":{"line":85,"column":49},"skip":true}]},"10":{"line":89,"type":"switch","locations":[{"start":{"line":90,"column":12},"end":{"line":103,"column":22},"skip":true},{"start":{"line":105,"column":12},"end":{"line":106,"column":22},"skip":true}]},"11":{"line":89,"type":"binary-expr","locations":[{"start":{"line":89,"column":20},"end":{"line":89,"column":25},"skip":true},{"start":{"line":89,"column":29},"end":{"line":89,"column":48},"skip":true},{"start":{"line":89,"column":52},"end":{"line":89,"column":74},"skip":true}]},"12":{"line":92,"type":"if","locations":[{"start":{"line":92,"column":16},"end":{"line":92,"column":16},"skip":true},{"start":{"line":92,"column":16},"end":{"line":92,"column":16},"skip":true}]},"13":{"line":108,"type":"if","locations":[{"start":{"line":108,"column":12},"end":{"line":108,"column":12},"skip":true},{"start":{"line":108,"column":12},"end":{"line":108,"column":12},"skip":true}]},"14":{"line":108,"type":"binary-expr","locations":[{"start":{"line":108,"column":16},"end":{"line":108,"column":61},"skip":true},{"start":{"line":108,"column":66},"end":{"line":108,"column":72},"skip":true},{"start":{"line":108,"column":77},"end":{"line":108,"column":82},"skip":true},{"start":{"line":109,"column":20},"end":{"line":109,"column":39},"skip":true},{"start":{"line":110,"column":20},"end":{"line":110,"column":49},"skip":true},{"start":{"line":111,"column":20},"end":{"line":111,"column":58},"skip":true},{"start":{"line":112,"column":20},"end":{"line":112,"column":68},"skip":true}]},"15":{"line":129,"type":"if","locations":[{"start":{"line":129,"column":16},"end":{"line":129,"column":16},"skip":true},{"start":{"line":129,"column":16},"end":{"line":129,"column":16},"skip":true}]},"16":{"line":134,"type":"cond-expr","locations":[{"start":{"line":135,"column":26},"end":{"line":135,"column":29},"skip":true},{"start":{"line":136,"column":26},"end":{"line":136,"column":54},"skip":true}]},"17":{"line":164,"type":"binary-expr","locations":[{"start":{"line":164,"column":27},"end":{"line":164,"column":43},"skip":true},{"start":{"line":164,"column":47},"end":{"line":164,"column":49},"skip":true}]},"18":{"line":258,"type":"if","locations":[{"start":{"line":258,"column":8},"end":{"line":258,"column":8},"skip":true},{"start":{"line":258,"column":8},"end":{"line":258,"column":8},"skip":true}]},"19":{"line":275,"type":"switch","locations":[{"start":{"line":276,"column":20},"end":{"line":277,"column":64},"skip":true},{"start":{"line":278,"column":20},"end":{"line":279,"column":40},"skip":true},{"start":{"line":280,"column":20},"end":{"line":281,"column":40},"skip":true},{"start":{"line":282,"column":20},"end":{"line":283,"column":39},"skip":true}]},"20":{"line":288,"type":"if","locations":[{"start":{"line":288,"column":8},"end":{"line":288,"column":8},"skip":true},{"start":{"line":288,"column":8},"end":{"line":288,"column":8},"skip":true}]},"21":{"line":288,"type":"binary-expr","locations":[{"start":{"line":288,"column":12},"end":{"line":288,"column":40},"skip":true},{"start":{"line":288,"column":44},"end":{"line":288,"column":67},"skip":true}]},"22":{"line":292,"type":"binary-expr","locations":[{"start":{"line":292,"column":12},"end":{"line":292,"column":50},"skip":true},{"start":{"line":293,"column":12},"end":{"line":293,"column":53},"skip":true}]},"23":{"line":297,"type":"binary-expr","locations":[{"start":{"line":297,"column":12},"end":{"line":297,"column":63},"skip":true},{"start":{"line":298,"column":12},"end":{"line":301,"column":36},"skip":true}]},"24":{"line":303,"type":"binary-expr","locations":[{"start":{"line":303,"column":43},"end":{"line":303,"column":75},"skip":true},{"start":{"line":303,"column":79},"end":{"line":303,"column":81},"skip":true}]},"25":{"line":306,"type":"if","locations":[{"start":{"line":306,"column":8},"end":{"line":306,"column":8},"skip":true},{"start":{"line":306,"column":8},"end":{"line":306,"column":8},"skip":true}]},"26":{"line":310,"type":"if","locations":[{"start":{"line":310,"column":8},"end":{"line":310,"column":8},"skip":true},{"start":{"line":310,"column":8},"end":{"line":310,"column":8},"skip":true}]},"27":{"line":313,"type":"binary-expr","locations":[{"start":{"line":313,"column":27},"end":{"line":313,"column":43},"skip":true},{"start":{"line":313,"column":47},"end":{"line":313,"column":53},"skip":true}]},"28":{"line":317,"type":"if","locations":[{"start":{"line":317,"column":12},"end":{"line":317,"column":12},"skip":true},{"start":{"line":317,"column":12},"end":{"line":317,"column":12},"skip":true}]}},"code":["/*","example.js","","quickstart example","","instruction","    1. save this script as example.js","    2. run the shell command:","        $ npm install npmtest-qwery && PORT=8081 node example.js","    3. play with the browser-demo on http://127.0.0.1:8081","*/","","","","/* istanbul instrument in package npmtest_qwery */","/*jslint","    bitwise: true,","    browser: true,","    maxerr: 8,","    maxlen: 96,","    node: true,","    nomen: true,","    regexp: true,","    stupid: true","*/","(function () {","    'use strict';","    var local;","","","","    // run shared js-env code - init-before","    (function () {","        // init local","        local = {};","        // init modeJs","        local.modeJs = (function () {","            try {","                return typeof navigator.userAgent === 'string' &&","                    typeof document.querySelector('body') === 'object' &&","                    typeof XMLHttpRequest.prototype.open === 'function' &&","                    'browser';","            } catch (errorCaughtBrowser) {","                return module.exports &&","                    typeof process.versions.node === 'string' &&","                    typeof require('http').createServer === 'function' &&","                    'node';","            }","        }());","        // init global","        local.global = local.modeJs === 'browser'","            ? window","            : global;","        // init utility2_rollup","        local = local.global.utility2_rollup || (local.modeJs === 'browser'","            ? local.global.utility2_npmtest_qwery","            : global.utility2_moduleExports);","        // export local","        local.global.local = local;","    }());","    switch (local.modeJs) {","","","","    // init-after","    // run browser js-env code - init-after","    /* istanbul ignore next */","    case 'browser':","        local.testRunBrowser = function (event) {","            if (!event || (event &&","                    event.currentTarget &&","                    event.currentTarget.className &&","                    event.currentTarget.className.includes &&","                    event.currentTarget.className.includes('onreset'))) {","                // reset output","                Array.from(","                    document.querySelectorAll('body > .resettable')","                ).forEach(function (element) {","                    switch (element.tagName) {","                    case 'INPUT':","                    case 'TEXTAREA':","                        element.value = '';","                        break;","                    default:","                        element.textContent = '';","                    }","                });","            }","            switch (event && event.currentTarget && event.currentTarget.id) {","            case 'testRunButton1':","                // show tests","                if (document.querySelector('#testReportDiv1').style.display === 'none') {","                    document.querySelector('#testReportDiv1').style.display = 'block';","                    document.querySelector('#testRunButton1').textContent =","                        'hide internal test';","                    local.modeTest = true;","                    local.testRunDefault(local);","                // hide tests","                } else {","                    document.querySelector('#testReportDiv1').style.display = 'none';","                    document.querySelector('#testRunButton1').textContent = 'run internal test';","                }","                break;","            // custom-case","            default:","                break;","            }","            if (document.querySelector('#inputTextareaEval1') && (!event || (event &&","                    event.currentTarget &&","                    event.currentTarget.className &&","                    event.currentTarget.className.includes &&","                    event.currentTarget.className.includes('oneval')))) {","                // try to eval input-code","                try {","                    /*jslint evil: true*/","                    eval(document.querySelector('#inputTextareaEval1').value);","                } catch (errorCaught) {","                    console.error(errorCaught);","                }","            }","        };","        // log stderr and stdout to #outputTextareaStdout1","        ['error', 'log'].forEach(function (key) {","            console[key + '_original'] = console[key];","            console[key] = function () {","                var element;","                console[key + '_original'].apply(console, arguments);","                element = document.querySelector('#outputTextareaStdout1');","                if (!element) {","                    return;","                }","                // append text to #outputTextareaStdout1","                element.value += Array.from(arguments).map(function (arg) {","                    return typeof arg === 'string'","                        ? arg","                        : JSON.stringify(arg, null, 4);","                }).join(' ') + '\\n';","                // scroll textarea to bottom","                element.scrollTop = element.scrollHeight;","            };","        });","        // init event-handling","        ['change', 'click', 'keyup'].forEach(function (event) {","            Array.from(document.querySelectorAll('.on' + event)).forEach(function (element) {","                element.addEventListener(event, local.testRunBrowser);","            });","        });","        // run tests","        local.testRunBrowser();","        break;","","","","    // run node js-env code - init-after","    /* istanbul ignore next */","    case 'node':","        // export local","        module.exports = local;","        // require modules","        local.fs = require('fs');","        local.http = require('http');","        local.url = require('url');","        // init assets","        local.assetsDict = local.assetsDict || {};","        /* jslint-ignore-begin */","        local.assetsDict['/assets.index.template.html'] = '\\","<!doctype html>\\n\\","<html lang=\"en\">\\n\\","<head>\\n\\","<meta charset=\"UTF-8\">\\n\\","<meta name=\"viewport\" content=\"width=device-width, initial-scale=1\">\\n\\","<title>{{env.npm_package_name}} (v{{env.npm_package_version}})</title>\\n\\","<style>\\n\\","/*csslint\\n\\","    box-sizing: false,\\n\\","    universal-selector: false\\n\\","*/\\n\\","* {\\n\\","    box-sizing: border-box;\\n\\","}\\n\\","body {\\n\\","    background: #dde;\\n\\","    font-family: Arial, Helvetica, sans-serif;\\n\\","    margin: 2rem;\\n\\","}\\n\\","body > * {\\n\\","    margin-bottom: 1rem;\\n\\","}\\n\\",".utility2FooterDiv {\\n\\","    margin-top: 20px;\\n\\","    text-align: center;\\n\\","}\\n\\","</style>\\n\\","<style>\\n\\","/*csslint\\n\\","*/\\n\\","textarea {\\n\\","    font-family: monospace;\\n\\","    height: 10rem;\\n\\","    width: 100%;\\n\\","}\\n\\","textarea[readonly] {\\n\\","    background: #ddd;\\n\\","}\\n\\","</style>\\n\\","</head>\\n\\","<body>\\n\\","<!-- utility2-comment\\n\\","<div id=\"ajaxProgressDiv1\" style=\"background: #d00; height: 2px; left: 0; margin: 0; padding: 0; position: fixed; top: 0; transition: background 0.5s, width 1.5s; width: 25%;\"></div>\\n\\","utility2-comment -->\\n\\","<h1>\\n\\","<!-- utility2-comment\\n\\","    <a\\n\\","        {{#if env.npm_package_homepage}}\\n\\","        href=\"{{env.npm_package_homepage}}\"\\n\\","        {{/if env.npm_package_homepage}}\\n\\","        target=\"_blank\"\\n\\","    >\\n\\","utility2-comment -->\\n\\","        {{env.npm_package_name}} (v{{env.npm_package_version}})\\n\\","<!-- utility2-comment\\n\\","    </a>\\n\\","utility2-comment -->\\n\\","</h1>\\n\\","<h3>{{env.npm_package_description}}</h3>\\n\\","<!-- utility2-comment\\n\\","<h4><a download href=\"assets.app.js\">download standalone app</a></h4>\\n\\","<button class=\"onclick onreset\" id=\"testRunButton1\">run internal test</button><br>\\n\\","<div id=\"testReportDiv1\" style=\"display: none;\"></div>\\n\\","utility2-comment -->\\n\\","\\n\\","\\n\\","\\n\\","<label>stderr and stdout</label>\\n\\","<textarea class=\"resettable\" id=\"outputTextareaStdout1\" readonly></textarea>\\n\\","<!-- utility2-comment\\n\\","{{#if isRollup}}\\n\\","<script src=\"assets.app.js\"></script>\\n\\","{{#unless isRollup}}\\n\\","utility2-comment -->\\n\\","<script src=\"assets.utility2.rollup.js\"></script>\\n\\","<script src=\"jsonp.utility2._stateInit?callback=window.utility2._stateInit\"></script>\\n\\","<script src=\"assets.npmtest_qwery.rollup.js\"></script>\\n\\","<script src=\"assets.example.js\"></script>\\n\\","<script src=\"assets.test.js\"></script>\\n\\","<!-- utility2-comment\\n\\","{{/if isRollup}}\\n\\","utility2-comment -->\\n\\","<div class=\"utility2FooterDiv\">\\n\\","    [ this app was created with\\n\\","    <a href=\"https://github.com/kaizhu256/node-utility2\" target=\"_blank\">utility2</a>\\n\\","    ]\\n\\","</div>\\n\\","</body>\\n\\","</html>\\n\\","';","        /* jslint-ignore-end */","        if (local.templateRender) {","            local.assetsDict['/'] = local.templateRender(","                local.assetsDict['/assets.index.template.html'],","                {","                    env: local.objectSetDefault(local.env, {","                        npm_package_description: 'the greatest app in the world!',","                        npm_package_name: 'my-app',","                        npm_package_nameAlias: 'my_app',","                        npm_package_version: '0.0.1'","                    })","                }","            );","        } else {","            local.assetsDict['/'] = local.assetsDict['/assets.index.template.html']","                .replace((/\\{\\{env\\.(\\w+?)\\}\\}/g), function (match0, match1) {","                    // jslint-hack","                    String(match0);","                    switch (match1) {","                    case 'npm_package_description':","                        return 'the greatest app in the world!';","                    case 'npm_package_name':","                        return 'my-app';","                    case 'npm_package_nameAlias':","                        return 'my_app';","                    case 'npm_package_version':","                        return '0.0.1';","                    }","                });","        }","        // run the cli","        if (local.global.utility2_rollup || module !== require.main) {","            break;","        }","        local.assetsDict['/assets.example.js'] =","            local.assetsDict['/assets.example.js'] ||","            local.fs.readFileSync(__filename, 'utf8');","        // bug-workaround - long $npm_package_buildCustomOrg","        /* jslint-ignore-begin */","        local.assetsDict['/assets.npmtest_qwery.rollup.js'] =","            local.assetsDict['/assets.npmtest_qwery.rollup.js'] ||","            local.fs.readFileSync(","                local.npmtest_qwery.__dirname + '/lib.npmtest_qwery.js',","                'utf8'","            ).replace((/^#!/), '//');","        /* jslint-ignore-end */","        local.assetsDict['/favicon.ico'] = local.assetsDict['/favicon.ico'] || '';","        // if $npm_config_timeout_exit exists,","        // then exit this process after $npm_config_timeout_exit ms","        if (Number(process.env.npm_config_timeout_exit)) {","            setTimeout(process.exit, Number(process.env.npm_config_timeout_exit));","        }","        // start server","        if (local.global.utility2_serverHttp1) {","            break;","        }","        process.env.PORT = process.env.PORT || '8081';","        console.error('server starting on port ' + process.env.PORT);","        local.http.createServer(function (request, response) {","            request.urlParsed = local.url.parse(request.url);","            if (local.assetsDict[request.urlParsed.pathname] !== undefined) {","                response.end(local.assetsDict[request.urlParsed.pathname]);","                return;","            }","            response.statusCode = 404;","            response.end();","        }).listen(process.env.PORT);","        break;","    }","}());",""],"l":{"26":2,"28":2,"33":2,"35":2,"37":2,"38":2,"39":2,"44":1,"51":2,"55":2,"59":2,"61":2,"69":1,"70":2,"76":2,"79":2,"82":2,"83":2,"85":1,"89":2,"92":1,"93":1,"94":1,"96":1,"97":1,"100":1,"101":1,"103":1,"106":1,"108":2,"114":1,"116":1,"118":1,"123":1,"124":2,"125":2,"126":3,"127":3,"128":3,"129":3,"130":1,"133":3,"134":3,"139":3,"143":1,"144":3,"145":1,"149":1,"150":1,"158":1,"160":1,"161":1,"162":1,"164":1,"166":1,"258":1,"259":1,"271":1,"274":6,"275":6,"277":1,"279":2,"281":1,"283":2,"288":1,"289":1,"291":1,"296":1,"303":1,"306":1,"307":1,"310":1,"311":1,"313":1,"314":1,"315":1,"316":1,"317":1,"318":1,"319":1,"321":1,"322":1,"324":1}},"/home/travis/build/npmtest/node-npmtest-qwery/node_modules/qwery/qwery.js":{"path":"/home/travis/build/npmtest/node-npmtest-qwery/node_modules/qwery/qwery.js","s":{"1":2,"2":2,"3":2,"4":0,"5":0,"6":0,"7":2,"8":0,"9":0,"10":0,"11":0,"12":1,"13":0,"14":1,"15":0,"16":0,"17":1,"18":0,"19":1,"20":0,"21":0,"22":0,"23":1,"24":0,"25":0,"26":0,"27":0,"28":0,"29":0,"30":0,"31":0,"32":1,"33":0,"34":0,"35":0,"36":0,"37":0,"38":0,"39":0,"40":1,"41":0,"42":0,"43":0,"44":0,"45":0,"46":0,"47":0,"48":0,"49":0,"50":0,"51":0,"52":0,"53":0,"54":0},"b":{"1":[2,0],"2":[2,2],"3":[0,0],"4":[0,0],"5":[0,0],"6":[0,0],"7":[0,0],"8":[0,0],"9":[0,0,0,0,0],"10":[0,0],"11":[0,0],"12":[0,0],"13":[0,0],"14":[0,0],"15":[0,0],"16":[0,0],"17":[0,0],"18":[0,0],"19":[0,0],"20":[0,0],"21":[0,0],"22":[0,0,0,0],"23":[0,0],"24":[0,0],"25":[0,0],"26":[0,0,0],"27":[0,0],"28":[0,0,0,0],"29":[0,0]},"f":{"1":2,"2":2,"3":0,"4":0,"5":0,"6":0,"7":0,"8":0,"9":0,"10":0,"11":0},"fnMap":{"1":{"name":"(anonymous_1)","line":7,"loc":{"start":{"line":7,"column":1},"end":{"line":7,"column":38}}},"2":{"name":"(anonymous_2)","line":11,"loc":{"start":{"line":11,"column":18},"end":{"line":11,"column":30}}},"3":{"name":"(anonymous_3)","line":19,"loc":{"start":{"line":19,"column":4},"end":{"line":19,"column":34}}},"4":{"name":"(anonymous_4)","line":22,"loc":{"start":{"line":22,"column":4},"end":{"line":22,"column":34}}},"5":{"name":"toArray","line":27,"loc":{"start":{"line":27,"column":2},"end":{"line":27,"column":23}}},"6":{"name":"isNode","line":31,"loc":{"start":{"line":31,"column":2},"end":{"line":31,"column":22}}},"7":{"name":"arrayLike","line":36,"loc":{"start":{"line":36,"column":2},"end":{"line":36,"column":24}}},"8":{"name":"flatten","line":40,"loc":{"start":{"line":40,"column":2},"end":{"line":40,"column":23}}},"9":{"name":"uniq","line":45,"loc":{"start":{"line":45,"column":2},"end":{"line":45,"column":20}}},"10":{"name":"normalizeRoot","line":60,"loc":{"start":{"line":60,"column":2},"end":{"line":60,"column":31}}},"11":{"name":"qwery","line":72,"loc":{"start":{"line":72,"column":2},"end":{"line":72,"column":37}}}},"statementMap":{"1":{"start":{"line":7,"column":0},"end":{"line":94,"column":9}},"2":{"start":{"line":8,"column":2},"end":{"line":10,"column":35}},"3":{"start":{"line":8,"column":54},"end":{"line":8,"column":83}},"4":{"start":{"line":9,"column":7},"end":{"line":10,"column":35}},"5":{"start":{"line":9,"column":54},"end":{"line":9,"column":72}},"6":{"start":{"line":10,"column":7},"end":{"line":10,"column":35}},"7":{"start":{"line":13,"column":2},"end":{"line":17,"column":27}},"8":{"start":{"line":18,"column":2},"end":{"line":25,"column":5}},"9":{"start":{"line":20,"column":6},"end":{"line":20,"column":68}},"10":{"start":{"line":23,"column":6},"end":{"line":23,"column":76}},"11":{"start":{"line":24,"column":6},"end":{"line":24,"column":65}},"12":{"start":{"line":27,"column":2},"end":{"line":29,"column":3}},"13":{"start":{"line":28,"column":4},"end":{"line":28,"column":31}},"14":{"start":{"line":31,"column":2},"end":{"line":34,"column":3}},"15":{"start":{"line":32,"column":4},"end":{"line":32,"column":9}},"16":{"start":{"line":33,"column":4},"end":{"line":33,"column":82}},"17":{"start":{"line":36,"column":2},"end":{"line":38,"column":3}},"18":{"start":{"line":37,"column":4},"end":{"line":37,"column":56}},"19":{"start":{"line":40,"column":2},"end":{"line":43,"column":3}},"20":{"start":{"line":41,"column":4},"end":{"line":41,"column":119}},"21":{"start":{"line":41,"column":55},"end":{"line":41,"column":119}},"22":{"start":{"line":42,"column":4},"end":{"line":42,"column":12}},"23":{"start":{"line":45,"column":2},"end":{"line":57,"column":3}},"24":{"start":{"line":46,"column":4},"end":{"line":46,"column":20}},"25":{"start":{"line":47,"column":4},"end":{"line":55,"column":5}},"26":{"start":{"line":48,"column":4},"end":{"line":55,"column":5}},"27":{"start":{"line":49,"column":6},"end":{"line":53,"column":7}},"28":{"start":{"line":50,"column":8},"end":{"line":52,"column":9}},"29":{"start":{"line":51,"column":10},"end":{"line":51,"column":24}},"30":{"start":{"line":54,"column":6},"end":{"line":54,"column":25}},"31":{"start":{"line":56,"column":4},"end":{"line":56,"column":12}},"32":{"start":{"line":60,"column":2},"end":{"line":65,"column":3}},"33":{"start":{"line":61,"column":4},"end":{"line":61,"column":25}},"34":{"start":{"line":61,"column":15},"end":{"line":61,"column":25}},"35":{"start":{"line":62,"column":4},"end":{"line":62,"column":54}},"36":{"start":{"line":62,"column":33},"end":{"line":62,"column":54}},"37":{"start":{"line":63,"column":4},"end":{"line":63,"column":58}},"38":{"start":{"line":63,"column":44},"end":{"line":63,"column":58}},"39":{"start":{"line":64,"column":4},"end":{"line":64,"column":15}},"40":{"start":{"line":72,"column":2},"end":{"line":89,"column":3}},"41":{"start":{"line":73,"column":4},"end":{"line":73,"column":41}},"42":{"start":{"line":74,"column":4},"end":{"line":74,"column":37}},"43":{"start":{"line":74,"column":28},"end":{"line":74,"column":37}},"44":{"start":{"line":75,"column":4},"end":{"line":77,"column":5}},"45":{"start":{"line":76,"column":6},"end":{"line":76,"column":108}},"46":{"start":{"line":78,"column":4},"end":{"line":78,"column":65}},"47":{"start":{"line":78,"column":41},"end":{"line":78,"column":65}},"48":{"start":{"line":81,"column":4},"end":{"line":83,"column":5}},"49":{"start":{"line":82,"column":6},"end":{"line":82,"column":57}},"50":{"start":{"line":85,"column":4},"end":{"line":87,"column":5}},"51":{"start":{"line":86,"column":6},"end":{"line":86,"column":40}},"52":{"start":{"line":88,"column":4},"end":{"line":88,"column":53}},"53":{"start":{"line":91,"column":2},"end":{"line":91,"column":19}},"54":{"start":{"line":93,"column":2},"end":{"line":93,"column":14}}},"branchMap":{"1":{"line":8,"type":"if","locations":[{"start":{"line":8,"column":2},"end":{"line":8,"column":2}},{"start":{"line":8,"column":2},"end":{"line":8,"column":2}}]},"2":{"line":8,"type":"binary-expr","locations":[{"start":{"line":8,"column":6},"end":{"line":8,"column":34}},{"start":{"line":8,"column":38},"end":{"line":8,"column":52}}]},"3":{"line":9,"type":"if","locations":[{"start":{"line":9,"column":7},"end":{"line":9,"column":7}},{"start":{"line":9,"column":7},"end":{"line":9,"column":7}}]},"4":{"line":9,"type":"binary-expr","locations":[{"start":{"line":9,"column":11},"end":{"line":9,"column":38}},{"start":{"line":9,"column":42},"end":{"line":9,"column":52}}]},"5":{"line":18,"type":"cond-expr","locations":[{"start":{"line":19,"column":4},"end":{"line":21,"column":5}},{"start":{"line":22,"column":4},"end":{"line":25,"column":5}}]},"6":{"line":23,"type":"cond-expr","locations":[{"start":{"line":23,"column":60},"end":{"line":23,"column":64}},{"start":{"line":23,"column":67},"end":{"line":23,"column":76}}]},"7":{"line":23,"type":"binary-expr","locations":[{"start":{"line":23,"column":18},"end":{"line":23,"column":34}},{"start":{"line":23,"column":38},"end":{"line":23,"column":57}}]},"8":{"line":24,"type":"binary-expr","locations":[{"start":{"line":24,"column":13},"end":{"line":24,"column":34}},{"start":{"line":24,"column":38},"end":{"line":24,"column":65}}]},"9":{"line":33,"type":"binary-expr","locations":[{"start":{"line":33,"column":11},"end":{"line":33,"column":13}},{"start":{"line":33,"column":17},"end":{"line":33,"column":39}},{"start":{"line":33,"column":44},"end":{"line":33,"column":59}},{"start":{"line":33,"column":65},"end":{"line":33,"column":71}},{"start":{"line":33,"column":75},"end":{"line":33,"column":81}}]},"10":{"line":37,"type":"binary-expr","locations":[{"start":{"line":37,"column":12},"end":{"line":37,"column":33}},{"start":{"line":37,"column":37},"end":{"line":37,"column":55}}]},"11":{"line":41,"type":"cond-expr","locations":[{"start":{"line":41,"column":75},"end":{"line":41,"column":94}},{"start":{"line":41,"column":99},"end":{"line":41,"column":118}}]},"12":{"line":50,"type":"if","locations":[{"start":{"line":50,"column":8},"end":{"line":50,"column":8}},{"start":{"line":50,"column":8},"end":{"line":50,"column":8}}]},"13":{"line":61,"type":"if","locations":[{"start":{"line":61,"column":4},"end":{"line":61,"column":4}},{"start":{"line":61,"column":4},"end":{"line":61,"column":4}}]},"14":{"line":62,"type":"if","locations":[{"start":{"line":62,"column":4},"end":{"line":62,"column":4}},{"start":{"line":62,"column":4},"end":{"line":62,"column":4}}]},"15":{"line":63,"type":"if","locations":[{"start":{"line":63,"column":4},"end":{"line":63,"column":4}},{"start":{"line":63,"column":4},"end":{"line":63,"column":4}}]},"16":{"line":63,"type":"binary-expr","locations":[{"start":{"line":63,"column":8},"end":{"line":63,"column":23}},{"start":{"line":63,"column":27},"end":{"line":63,"column":42}}]},"17":{"line":74,"type":"if","locations":[{"start":{"line":74,"column":4},"end":{"line":74,"column":4}},{"start":{"line":74,"column":4},"end":{"line":74,"column":4}}]},"18":{"line":74,"type":"binary-expr","locations":[{"start":{"line":74,"column":8},"end":{"line":74,"column":13}},{"start":{"line":74,"column":17},"end":{"line":74,"column":26}}]},"19":{"line":75,"type":"if","locations":[{"start":{"line":75,"column":4},"end":{"line":75,"column":4}},{"start":{"line":75,"column":4},"end":{"line":75,"column":4}}]},"20":{"line":75,"type":"binary-expr","locations":[{"start":{"line":75,"column":8},"end":{"line":75,"column":24}},{"start":{"line":75,"column":28},"end":{"line":75,"column":44}}]},"21":{"line":76,"type":"cond-expr","locations":[{"start":{"line":76,"column":93},"end":{"line":76,"column":103}},{"start":{"line":76,"column":106},"end":{"line":76,"column":108}}]},"22":{"line":76,"type":"binary-expr","locations":[{"start":{"line":76,"column":13},"end":{"line":76,"column":22}},{"start":{"line":76,"column":27},"end":{"line":76,"column":43}},{"start":{"line":76,"column":47},"end":{"line":76,"column":59}},{"start":{"line":76,"column":63},"end":{"line":76,"column":89}}]},"23":{"line":78,"type":"if","locations":[{"start":{"line":78,"column":4},"end":{"line":78,"column":4}},{"start":{"line":78,"column":4},"end":{"line":78,"column":4}}]},"24":{"line":78,"type":"binary-expr","locations":[{"start":{"line":78,"column":8},"end":{"line":78,"column":16}},{"start":{"line":78,"column":20},"end":{"line":78,"column":39}}]},"25":{"line":81,"type":"if","locations":[{"start":{"line":81,"column":4},"end":{"line":81,"column":4}},{"start":{"line":81,"column":4},"end":{"line":81,"column":4}}]},"26":{"line":81,"type":"binary-expr","locations":[{"start":{"line":81,"column":8},"end":{"line":81,"column":34}},{"start":{"line":81,"column":38},"end":{"line":81,"column":58}},{"start":{"line":81,"column":63},"end":{"line":81,"column":92}}]},"27":{"line":85,"type":"if","locations":[{"start":{"line":85,"column":4},"end":{"line":85,"column":4}},{"start":{"line":85,"column":4},"end":{"line":85,"column":4}}]},"28":{"line":85,"type":"binary-expr","locations":[{"start":{"line":85,"column":8},"end":{"line":85,"column":16}},{"start":{"line":85,"column":21},"end":{"line":85,"column":38}},{"start":{"line":85,"column":43},"end":{"line":85,"column":60}},{"start":{"line":85,"column":64},"end":{"line":85,"column":86}}]},"29":{"line":86,"type":"cond-expr","locations":[{"start":{"line":86,"column":25},"end":{"line":86,"column":35}},{"start":{"line":86,"column":38},"end":{"line":86,"column":40}}]}},"code":["/*!","  * @preserve Qwery - A selector engine","  * https://github.com/ded/qwery","  * (c) Dustin Diaz 2014 | License MIT","  */","","(function (name, context, definition) {","  if (typeof module != 'undefined' && module.exports) module.exports = definition()","  else if (typeof define == 'function' && define.amd) define(definition)","  else context[name] = definition()","})('qwery', this, function () {","","  var classOnly = /^\\.([\\w\\-]+)$/","    , doc = document","    , win = window","    , html = doc.documentElement","    , nodeType = 'nodeType'","  var isAncestor = 'compareDocumentPosition' in html ?","    function (element, container) {","      return (container.compareDocumentPosition(element) & 16) == 16","    } :","    function (element, container) {","      container = container == doc || container == window ? html : container","      return container !== element && container.contains(element)","    }","","  function toArray(ar) {","    return [].slice.call(ar, 0)","  }","","  function isNode(el) {","    var t","    return el && typeof el === 'object' && (t = el.nodeType) && (t == 1 || t == 9)","  }","","  function arrayLike(o) {","    return (typeof o === 'object' && isFinite(o.length))","  }","","  function flatten(ar) {","    for (var r = [], i = 0, l = ar.length; i < l; ++i) arrayLike(ar[i]) ? (r = r.concat(ar[i])) : (r[r.length] = ar[i])","    return r","  }","","  function uniq(ar) {","    var a = [], i, j","    label:","    for (i = 0; i < ar.length; i++) {","      for (j = 0; j < a.length; j++) {","        if (a[j] == ar[i]) {","          continue label","        }","      }","      a[a.length] = ar[i]","    }","    return a","  }","","","  function normalizeRoot(root) {","    if (!root) return doc","    if (typeof root == 'string') return qwery(root)[0]","    if (!root[nodeType] && arrayLike(root)) return root[0]","    return root","  }","","  /**","   * @param {string|Array.<Element>|Element|Node} selector","   * @param {string|Array.<Element>|Element|Node=} opt_root","   * @return {Array.<Element>}","   */","  function qwery(selector, opt_root) {","    var m, root = normalizeRoot(opt_root)","    if (!root || !selector) return []","    if (selector === win || isNode(selector)) {","      return !opt_root || (selector !== win && isNode(root) && isAncestor(selector, root)) ? [selector] : []","    }","    if (selector && arrayLike(selector)) return flatten(selector)","","","    if (doc.getElementsByClassName && selector == 'string' && (m = selector.match(classOnly))) {","      return toArray((root).getElementsByClassName(m[1]))","    }","    // using duck typing for 'a' window or 'a' document (not 'the' window || document)","    if (selector && (selector.document || (selector.nodeType && selector.nodeType == 9))) {","      return !opt_root ? [selector] : []","    }","    return toArray((root).querySelectorAll(selector))","  }","","  qwery.uniq = uniq","","  return qwery","}, this);",""],"l":{"7":2,"8":2,"9":0,"10":0,"13":2,"18":0,"20":0,"23":0,"24":0,"27":1,"28":0,"31":1,"32":0,"33":0,"36":1,"37":0,"40":1,"41":0,"42":0,"45":1,"46":0,"47":0,"48":0,"49":0,"50":0,"51":0,"54":0,"56":0,"60":1,"61":0,"62":0,"63":0,"64":0,"72":1,"73":0,"74":0,"75":0,"76":0,"78":0,"81":0,"82":0,"85":0,"86":0,"88":0,"91":0,"93":0}},"/home/travis/build/npmtest/node-npmtest-qwery/node_modules/qwery/integration/ender.js":{"path":"/home/travis/build/npmtest/node-npmtest-qwery/node_modules/qwery/integration/ender.js","s":{"1":2,"2":2,"3":2,"4":1,"5":0,"6":0,"7":0,"8":0,"9":1,"10":0,"11":2,"12":2,"13":1,"14":4,"15":12,"16":4,"17":1,"18":0,"19":0,"20":0,"21":0,"22":0,"23":1,"24":0,"25":2,"26":0,"27":0,"28":2,"29":0,"30":0,"31":0,"32":2,"33":0,"34":0,"35":2,"36":2,"37":2,"38":2,"39":2,"40":2,"41":2,"42":0,"43":2,"44":2,"45":0,"46":2,"47":1,"48":0,"49":0,"50":0,"51":0,"52":0,"53":0,"54":0,"55":0,"56":0,"57":0,"58":0,"59":0,"60":0,"61":0,"62":0,"63":0,"64":0,"65":0,"66":0,"67":0,"68":0,"69":0,"70":0,"71":0,"72":0,"73":0,"74":0,"75":0,"76":0,"77":0,"78":0,"79":0,"80":0,"81":0,"82":0,"83":0,"84":0,"85":0,"86":0,"87":0,"88":0,"89":0,"90":0,"91":1,"92":0,"93":1,"94":0,"95":0,"96":0,"97":1,"98":0,"99":0,"100":0,"101":0,"102":0,"103":1,"104":0,"105":0,"106":1,"107":0,"108":1,"109":0,"110":0,"111":0,"112":1,"113":0,"114":0,"115":1,"116":0,"117":0,"118":0,"119":1,"120":0,"121":1,"122":0,"123":0,"124":0,"125":0,"126":1,"127":0,"128":0,"129":0,"130":0,"131":0,"132":0,"133":0,"134":0,"135":0,"136":0,"137":0,"138":0,"139":0,"140":0,"141":0,"142":0,"143":1,"144":0,"145":0,"146":0,"147":0,"148":0,"149":0,"150":0,"151":0,"152":0,"153":0,"154":0,"155":0,"156":0,"157":0,"158":1,"159":0,"160":0,"161":0,"162":0,"163":0,"164":0,"165":0,"166":0,"167":1,"168":0,"169":1,"170":0,"171":1,"172":0,"173":1,"174":0,"175":1,"176":0,"177":0,"178":0,"179":0,"180":0,"181":0,"182":0,"183":0,"184":0,"185":0,"186":0,"187":0,"188":0,"189":0,"190":0,"191":0,"192":0,"193":0,"194":1,"195":0,"196":0,"197":0,"198":0,"199":0,"200":0,"201":0,"202":0,"203":0,"204":0,"205":0,"206":0,"207":0,"208":0,"209":0,"210":0,"211":0,"212":0,"213":0,"214":0,"215":0,"216":0,"217":0,"218":0,"219":0,"220":0,"221":0,"222":0,"223":0,"224":0,"225":0,"226":0,"227":0,"228":0,"229":0,"230":0,"231":0,"232":0,"233":0,"234":0,"235":0,"236":0,"237":0,"238":0,"239":0,"240":0,"241":0,"242":0,"243":0,"244":0,"245":0,"246":0,"247":0,"248":0,"249":0,"250":0,"251":0,"252":0,"253":0,"254":0,"255":0,"256":0,"257":0,"258":0,"259":0,"260":0,"261":0,"262":0,"263":1,"264":0,"265":0,"266":0,"267":0,"268":0,"269":0,"270":0,"271":0,"272":0,"273":0,"274":0,"275":0,"276":0,"277":0,"278":0,"279":0,"280":0,"281":0,"282":0,"283":0,"284":0,"285":0,"286":0,"287":0,"288":0,"289":0,"290":0,"291":0,"292":0,"293":0,"294":0,"295":0,"296":0,"297":0,"298":0,"299":0,"300":0,"301":0,"302":0,"303":0,"304":0,"305":0,"306":0,"307":0,"308":0,"309":0,"310":0,"311":0,"312":0,"313":0,"314":0,"315":0,"316":0,"317":0,"318":0,"319":0,"320":0,"321":1,"322":0,"323":1,"324":0,"325":0,"326":0,"327":0,"328":0,"329":0,"330":0,"331":0,"332":1,"333":0,"334":1,"335":0,"336":1,"337":0,"338":0,"339":0,"340":0,"341":0,"342":0,"343":0,"344":0,"345":0,"346":0,"347":0,"348":0,"349":0,"350":0,"351":0,"352":0,"353":0,"354":0,"355":0,"356":0,"357":0,"358":0,"359":0,"360":0,"361":0,"362":0,"363":0,"364":0,"365":0,"366":0,"367":0,"368":0,"369":0,"370":0,"371":0,"372":0,"373":0,"374":0,"375":0,"376":0,"377":0,"378":0,"379":0,"380":0,"381":0,"382":0,"383":0,"384":0,"385":0,"386":0,"387":1,"388":0,"389":0,"390":0,"391":0,"392":1,"393":0,"394":0,"395":0,"396":0,"397":0,"398":0,"399":0,"400":0,"401":0,"402":0,"403":0,"404":0,"405":0,"406":0,"407":0,"408":0,"409":0,"410":0,"411":0,"412":0,"413":0,"414":0,"415":0,"416":0,"417":0,"418":0,"419":0,"420":0,"421":0,"422":0,"423":0,"424":0,"425":0,"426":0,"427":0,"428":0,"429":0,"430":0,"431":0,"432":0,"433":0,"434":0,"435":0,"436":0,"437":0,"438":0,"439":1,"440":0,"441":0,"442":0,"443":0,"444":0,"445":0},"b":{"1":[0,0],"2":[0,0],"3":[12,12,10],"4":[0,0],"5":[0,0,0,0,0],"6":[0,0],"7":[0,0],"8":[0,0],"9":[0,0],"10":[0,0],"11":[2,0],"12":[2,2],"13":[2,2],"14":[0,2],"15":[2,0],"16":[0,0],"17":[0,0],"18":[0,0],"19":[0,0],"20":[0,0],"21":[0,0],"22":[0,0],"23":[0,0],"24":[0,0],"25":[0,0],"26":[0,0],"27":[0,0],"28":[0,0],"29":[0,0],"30":[0,0],"31":[0,0],"32":[0,0],"33":[0,0],"34":[0,0],"35":[0,0],"36":[0,0],"37":[0,0],"38":[0,0],"39":[0,0],"40":[0,0],"41":[0,0,0],"42":[0,0],"43":[0,0,0,0,0,0],"44":[0,0],"45":[0,0],"46":[0,0],"47":[0,0],"48":[0,0],"49":[0,0],"50":[0,0],"51":[0,0],"52":[0,0],"53":[0,0],"54":[0,0],"55":[0,0,0],"56":[0,0],"57":[0,0,0],"58":[0,0,0],"59":[0,0],"60":[0,0],"61":[0,0],"62":[0,0],"63":[0,0],"64":[0,0],"65":[0,0],"66":[0,0],"67":[0,0],"68":[0,0],"69":[0,0,0],"70":[0,0],"71":[0,0],"72":[0,0],"73":[0,0],"74":[0,0],"75":[0,0],"76":[0,0],"77":[0,0],"78":[0,0],"79":[0,0],"80":[0,0],"81":[0,0],"82":[0,0],"83":[0,0],"84":[0,0],"85":[0,0],"86":[0,0],"87":[0,0],"88":[0,0],"89":[0,0],"90":[0,0],"91":[0,0],"92":[0,0],"93":[0,0],"94":[0,0],"95":[0,0],"96":[0,0],"97":[0,0],"98":[0,0],"99":[0,0],"100":[0,0],"101":[0,0],"102":[0,0],"103":[0,0,0,0],"104":[0,0],"105":[0,0],"106":[0,0],"107":[0,0],"108":[0,0],"109":[0,0],"110":[0,0],"111":[0,0],"112":[0,0],"113":[0,0],"114":[0,0],"115":[0,0],"116":[0,0],"117":[0,0],"118":[0,0],"119":[0,0],"120":[0,0],"121":[0,0,0],"122":[0,0],"123":[0,0],"124":[0,0],"125":[0,0],"126":[0,0],"127":[0,0],"128":[0,0],"129":[0,0],"130":[0,0],"131":[0,0],"132":[0,0],"133":[0,0],"134":[0,0],"135":[0,0],"136":[0,0],"137":[0,0],"138":[0,0],"139":[0,0],"140":[0,0],"141":[0,0],"142":[0,0],"143":[0,0],"144":[0,0],"145":[0,0],"146":[0,0],"147":[0,0],"148":[0,0],"149":[0,0],"150":[0,0],"151":[0,0,0,0],"152":[0,0],"153":[0,0],"154":[0,0,0,0],"155":[0,0],"156":[0,0],"157":[0,0],"158":[0,0],"159":[0,0],"160":[0,0],"161":[0,0],"162":[0,0],"163":[0,0],"164":[0,0],"165":[0,0],"166":[0,0],"167":[0,0],"168":[0,0],"169":[0,0],"170":[0,0],"171":[0,0],"172":[0,0],"173":[0,0],"174":[0,0],"175":[0,0],"176":[0,0]},"f":{"1":2,"2":0,"3":0,"4":4,"5":0,"6":0,"7":0,"8":0,"9":0,"10":0,"11":2,"12":2,"13":2,"14":0,"15":0,"16":0,"17":0,"18":0,"19":0,"20":0,"21":0,"22":0,"23":0,"24":0,"25":0,"26":0,"27":0,"28":0,"29":0,"30":0,"31":0,"32":0,"33":0,"34":0,"35":0,"36":0,"37":0,"38":0,"39":0,"40":0,"41":0,"42":0,"43":0,"44":0,"45":0,"46":0,"47":0,"48":0,"49":0,"50":0,"51":0,"52":0,"53":0,"54":0,"55":0,"56":0,"57":0,"58":0,"59":0,"60":0,"61":0,"62":0,"63":0,"64":0,"65":0,"66":0,"67":0,"68":0,"69":0,"70":0,"71":0,"72":0,"73":0,"74":0,"75":0,"76":0,"77":0,"78":0,"79":0,"80":0,"81":0,"82":0,"83":0,"84":0,"85":0,"86":0,"87":0,"88":0,"89":0,"90":0,"91":0,"92":0,"93":0,"94":0,"95":0,"96":0,"97":0,"98":0,"99":0,"100":0,"101":0,"102":0,"103":0,"104":0,"105":0,"106":0,"107":0,"108":0,"109":0,"110":0,"111":0,"112":0,"113":0,"114":0,"115":0,"116":0,"117":0,"118":0,"119":0,"120":0,"121":0,"122":0,"123":0,"124":0,"125":0,"126":0,"127":0,"128":0,"129":0,"130":0,"131":0,"132":0,"133":0,"134":0,"135":0,"136":0,"137":0,"138":0,"139":0,"140":0,"141":0,"142":0,"143":0,"144":0,"145":0,"146":0,"147":0,"148":0,"149":0,"150":0,"151":0,"152":0,"153":0,"154":0,"155":0,"156":0,"157":0,"158":0,"159":0,"160":0,"161":0,"162":0,"163":0,"164":0,"165":0,"166":0,"167":0,"168":0},"fnMap":{"1":{"name":"(anonymous_1)","line":14,"loc":{"start":{"line":14,"column":1},"end":{"line":14,"column":20}}},"2":{"name":"require","line":28,"loc":{"start":{"line":28,"column":2},"end":{"line":28,"column":32}}},"3":{"name":"provide","line":35,"loc":{"start":{"line":35,"column":2},"end":{"line":35,"column":32}}},"4":{"name":"aug","line":42,"loc":{"start":{"line":42,"column":2},"end":{"line":42,"column":22}}},"5":{"name":"boosh","line":47,"loc":{"start":{"line":47,"column":2},"end":{"line":47,"column":28}}},"6":{"name":"ender","line":56,"loc":{"start":{"line":56,"column":2},"end":{"line":56,"column":23}}},"7":{"name":"(anonymous_7)","line":63,"loc":{"start":{"line":63,"column":13},"end":{"line":63,"column":33}}},"8":{"name":"(anonymous_8)","line":66,"loc":{"start":{"line":66,"column":15},"end":{"line":66,"column":31}}},"9":{"name":"(anonymous_9)","line":72,"loc":{"start":{"line":72,"column":13},"end":{"line":72,"column":37}}},"10":{"name":"(anonymous_10)","line":82,"loc":{"start":{"line":82,"column":21},"end":{"line":82,"column":33}}},"11":{"name":"(anonymous_11)","line":93,"loc":{"start":{"line":93,"column":1},"end":{"line":93,"column":13}}},"12":{"name":"(anonymous_12)","line":97,"loc":{"start":{"line":97,"column":3},"end":{"line":97,"column":31}}},"13":{"name":"(anonymous_13)","line":101,"loc":{"start":{"line":101,"column":16},"end":{"line":101,"column":33}}},"14":{"name":"flush","line":112,"loc":{"start":{"line":112,"column":4},"end":{"line":112,"column":22}}},"15":{"name":"(anonymous_15)","line":117,"loc":{"start":{"line":117,"column":74},"end":{"line":117,"column":86}}},"16":{"name":"(anonymous_16)","line":123,"loc":{"start":{"line":123,"column":54},"end":{"line":123,"column":66}}},"17":{"name":"(anonymous_17)","line":131,"loc":{"start":{"line":131,"column":6},"end":{"line":131,"column":20}}},"18":{"name":"(anonymous_18)","line":134,"loc":{"start":{"line":134,"column":10},"end":{"line":134,"column":22}}},"19":{"name":"(anonymous_19)","line":138,"loc":{"start":{"line":138,"column":32},"end":{"line":138,"column":43}}},"20":{"name":"(anonymous_20)","line":143,"loc":{"start":{"line":143,"column":6},"end":{"line":143,"column":20}}},"21":{"name":"(anonymous_21)","line":150,"loc":{"start":{"line":150,"column":3},"end":{"line":150,"column":16}}},"22":{"name":"(anonymous_22)","line":154,"loc":{"start":{"line":154,"column":13},"end":{"line":154,"column":26}}},"23":{"name":"(anonymous_23)","line":163,"loc":{"start":{"line":163,"column":1},"end":{"line":163,"column":13}}},"24":{"name":"(anonymous_24)","line":172,"loc":{"start":{"line":172,"column":3},"end":{"line":172,"column":31}}},"25":{"name":"(anonymous_25)","line":176,"loc":{"start":{"line":176,"column":13},"end":{"line":176,"column":24}}},"26":{"name":"(anonymous_26)","line":208,"loc":{"start":{"line":208,"column":19},"end":{"line":208,"column":30}}},"27":{"name":"(anonymous_27)","line":216,"loc":{"start":{"line":216,"column":25},"end":{"line":216,"column":37}}},"28":{"name":"(anonymous_28)","line":227,"loc":{"start":{"line":227,"column":10},"end":{"line":227,"column":23}}},"29":{"name":"(anonymous_29)","line":230,"loc":{"start":{"line":230,"column":10},"end":{"line":230,"column":23}}},"30":{"name":"classReg","line":234,"loc":{"start":{"line":234,"column":4},"end":{"line":234,"column":25}}},"31":{"name":"each","line":238,"loc":{"start":{"line":238,"column":4},"end":{"line":238,"column":33}}},"32":{"name":"deepEach","line":243,"loc":{"start":{"line":243,"column":4},"end":{"line":243,"column":37}}},"33":{"name":"camelize","line":253,"loc":{"start":{"line":253,"column":4},"end":{"line":253,"column":25}}},"34":{"name":"(anonymous_34)","line":254,"loc":{"start":{"line":254,"column":32},"end":{"line":254,"column":49}}},"35":{"name":"decamelize","line":259,"loc":{"start":{"line":259,"column":4},"end":{"line":259,"column":27}}},"36":{"name":"data","line":263,"loc":{"start":{"line":263,"column":4},"end":{"line":263,"column":22}}},"37":{"name":"clearData","line":269,"loc":{"start":{"line":269,"column":4},"end":{"line":269,"column":27}}},"38":{"name":"dataValue","line":274,"loc":{"start":{"line":274,"column":4},"end":{"line":274,"column":26}}},"39":{"name":"isNode","line":281,"loc":{"start":{"line":281,"column":4},"end":{"line":281,"column":26}}},"40":{"name":"some","line":285,"loc":{"start":{"line":285,"column":4},"end":{"line":285,"column":36}}},"41":{"name":"styleProperty","line":290,"loc":{"start":{"line":290,"column":4},"end":{"line":290,"column":30}}},"42":{"name":"(anonymous_42)","line":298,"loc":{"start":{"line":298,"column":6},"end":{"line":298,"column":30}}},"43":{"name":"(anonymous_43)","line":307,"loc":{"start":{"line":307,"column":6},"end":{"line":307,"column":30}}},"44":{"name":"(anonymous_44)","line":323,"loc":{"start":{"line":323,"column":6},"end":{"line":323,"column":30}}},"45":{"name":"insert","line":328,"loc":{"start":{"line":328,"column":4},"end":{"line":328,"column":38}}},"46":{"name":"(anonymous_46)","line":334,"loc":{"start":{"line":334,"column":29},"end":{"line":334,"column":42}}},"47":{"name":"(anonymous_47)","line":335,"loc":{"start":{"line":335,"column":19},"end":{"line":335,"column":33}}},"48":{"name":"(anonymous_48)","line":337,"loc":{"start":{"line":337,"column":12},"end":{"line":337,"column":24}}},"49":{"name":"(anonymous_49)","line":350,"loc":{"start":{"line":350,"column":14},"end":{"line":350,"column":30}}},"50":{"name":"xy","line":357,"loc":{"start":{"line":357,"column":4},"end":{"line":357,"column":26}}},"51":{"name":"hasClass","line":378,"loc":{"start":{"line":378,"column":4},"end":{"line":378,"column":29}}},"52":{"name":"addClass","line":381,"loc":{"start":{"line":381,"column":4},"end":{"line":381,"column":29}}},"53":{"name":"removeClass","line":384,"loc":{"start":{"line":384,"column":4},"end":{"line":384,"column":32}}},"54":{"name":"setter","line":395,"loc":{"start":{"line":395,"column":4},"end":{"line":395,"column":27}}},"55":{"name":"Bonzo","line":399,"loc":{"start":{"line":399,"column":4},"end":{"line":399,"column":29}}},"56":{"name":"(anonymous_56)","line":416,"loc":{"start":{"line":416,"column":13},"end":{"line":416,"column":30}}},"57":{"name":"(anonymous_57)","line":420,"loc":{"start":{"line":420,"column":14},"end":{"line":420,"column":35}}},"58":{"name":"(anonymous_58)","line":424,"loc":{"start":{"line":424,"column":18},"end":{"line":424,"column":39}}},"59":{"name":"(anonymous_59)","line":428,"loc":{"start":{"line":428,"column":13},"end":{"line":428,"column":35}}},"60":{"name":"(anonymous_60)","line":437,"loc":{"start":{"line":437,"column":15},"end":{"line":437,"column":27}}},"61":{"name":"(anonymous_61)","line":441,"loc":{"start":{"line":441,"column":14},"end":{"line":441,"column":26}}},"62":{"name":"(anonymous_62)","line":445,"loc":{"start":{"line":445,"column":14},"end":{"line":445,"column":33}}},"63":{"name":"append","line":451,"loc":{"start":{"line":451,"column":10},"end":{"line":451,"column":30}}},"64":{"name":"(anonymous_64)","line":452,"loc":{"start":{"line":452,"column":31},"end":{"line":452,"column":47}}},"65":{"name":"(anonymous_65)","line":457,"loc":{"start":{"line":457,"column":32},"end":{"line":457,"column":46}}},"66":{"name":"(anonymous_66)","line":465,"loc":{"start":{"line":465,"column":14},"end":{"line":465,"column":30}}},"67":{"name":"(anonymous_67)","line":469,"loc":{"start":{"line":469,"column":18},"end":{"line":469,"column":31}}},"68":{"name":"(anonymous_68)","line":470,"loc":{"start":{"line":470,"column":27},"end":{"line":470,"column":41}}},"69":{"name":"(anonymous_69)","line":475,"loc":{"start":{"line":475,"column":21},"end":{"line":475,"column":34}}},"70":{"name":"(anonymous_70)","line":476,"loc":{"start":{"line":476,"column":27},"end":{"line":476,"column":41}}},"71":{"name":"(anonymous_71)","line":481,"loc":{"start":{"line":481,"column":18},"end":{"line":481,"column":31}}},"72":{"name":"(anonymous_72)","line":482,"loc":{"start":{"line":482,"column":28},"end":{"line":482,"column":42}}},"73":{"name":"(anonymous_73)","line":487,"loc":{"start":{"line":487,"column":21},"end":{"line":487,"column":45}}},"74":{"name":"(anonymous_74)","line":488,"loc":{"start":{"line":488,"column":27},"end":{"line":488,"column":41}}},"75":{"name":"(anonymous_75)","line":495,"loc":{"start":{"line":495,"column":14},"end":{"line":495,"column":30}}},"76":{"name":"(anonymous_76)","line":496,"loc":{"start":{"line":496,"column":27},"end":{"line":496,"column":41}}},"77":{"name":"(anonymous_77)","line":501,"loc":{"start":{"line":501,"c
[...]
,"963":0,"967":0,"971":0,"975":0,"979":0,"983":0,"987":0,"991":0,"992":0,"993":0,"994":0,"995":0,"996":0,"998":0,"1002":0,"1003":0,"1004":0,"1005":0,"1006":0,"1008":0,"1012":0,"1016":0,"1020":1,"1021":0,"1024":0,"1025":0,"1026":0}},"/home/travis/build/npmtest/node-npmtest-qwery/node_modules/qwery/src/copyright.js":{"path":"/home/travis/build/npmtest/node-npmtest-qwery/node_modules/qwery/src/copyright.js","s":{},"b":{},"f":{},"fnMap":{},"statementMap":{},"branchMap":{},"code":["/*!","  * @preserve Qwery - A selector engine","  * https://github.com/ded/qwery","  * (c) Dustin Diaz 2014 | License MIT","  */",""],"l":{}},"/home/travis/build/npmtest/node-npmtest-qwery/node_modules/qwery/src/ender.js":{"path":"/home/travis/build/npmtest/node-npmtest-qwery/node_modules/qwery/src/ender.js","s":{"1":2,"2":0,"3":0,"4":0,"5":0,"6":0,"7":0,"8":0,"9":0,"10":0,"11":0,"12":0,"13":0,"14":0,"15":0,"16":0,"17":0,"18":0,"19":0,"20":0,"21":0,"22":0,"23":0,"24":0,"25":0},"b":{"1":[0,0],"2":[0,0],"3":[0,0]},"f":{"1":0,"2":0,"3":0,"4":0,"5":0,"6":0,"7":0},"fnMap":{"1":{"name":"(anonymous_1)","line":1,"loc":{"start":{"line":1,"column":1},"end":{"line":1,"column":14}}},"2":{"name":"(anonymous_2)","line":4,"loc":{"start":{"line":4,"column":14},"end":{"line":4,"column":30}}},"3":{"name":"(anonymous_3)","line":9,"loc":{"start":{"line":9,"column":25},"end":{"line":9,"column":37}}},"4":{"name":"(anonymous_4)","line":11,"loc":{"start":{"line":11,"column":48},"end":{"line":11,"column":64}}},"5":{"name":"(anonymous_5)","line":16,"loc":{"start":{"line":16,"column":15},"end":{"line":16,"column":31}}},"6":{"name":"(anonymous_6)","line":25,"loc":{"start":{"line":25,"column":12},"end":{"line":25,"column":25}}},"7":{"name":"(anonymous_7)","line":33,"loc":{"start":{"line":33,"column":11},"end":{"line":33,"column":24}}}},"statementMap":{"1":{"start":{"line":1,"column":0},"end":{"line":42,"column":10}},"2":{"start":{"line":2,"column":2},"end":{"line":2,"column":26}},"3":{"start":{"line":4,"column":2},"end":{"line":22,"column":3}},"4":{"start":{"line":9,"column":4},"end":{"line":21,"column":15}},"5":{"start":{"line":10,"column":6},"end":{"line":10,"column":11}},"6":{"start":{"line":11,"column":6},"end":{"line":13,"column":7}},"7":{"start":{"line":11,"column":41},"end":{"line":13,"column":7}},"8":{"start":{"line":12,"column":8},"end":{"line":12,"column":57}},"9":{"start":{"line":14,"column":6},"end":{"line":19,"column":21}},"10":{"start":{"line":15,"column":8},"end":{"line":15,"column":28}},"11":{"start":{"line":16,"column":8},"end":{"line":18,"column":9}},"12":{"start":{"line":17,"column":10},"end":{"line":17,"column":59}},"13":{"start":{"line":20,"column":6},"end":{"line":20,"column":14}},"14":{"start":{"line":24,"column":2},"end":{"line":41,"column":10}},"15":{"start":{"line":26,"column":8},"end":{"line":26,"column":35}},"16":{"start":{"line":27,"column":8},"end":{"line":30,"column":9}},"17":{"start":{"line":28,"column":10},"end":{"line":28,"column":29}},"18":{"start":{"line":29,"column":10},"end":{"line":29,"column":64}},"19":{"start":{"line":29,"column":50},"end":{"line":29,"column":64}},"20":{"start":{"line":31,"column":8},"end":{"line":31,"column":27}},"21":{"start":{"line":34,"column":8},"end":{"line":34,"column":23}},"22":{"start":{"line":35,"column":8},"end":{"line":37,"column":9}},"23":{"start":{"line":36,"column":10},"end":{"line":36,"column":27}},"24":{"start":{"line":38,"column":8},"end":{"line":38,"column":34}},"25":{"start":{"line":39,"column":8},"end":{"line":39,"column":19}}},"branchMap":{"1":{"line":11,"type":"if","locations":[{"start":{"line":11,"column":6},"end":{"line":11,"column":6}},{"start":{"line":11,"column":6},"end":{"line":11,"column":6}}]},"2":{"line":12,"type":"cond-expr","locations":[{"start":{"line":12,"column":33},"end":{"line":12,"column":47}},{"start":{"line":12,"column":50},"end":{"line":12,"column":57}}]},"3":{"line":17,"type":"cond-expr","locations":[{"start":{"line":17,"column":35},"end":{"line":17,"column":49}},{"start":{"line":17,"column":52},"end":{"line":17,"column":59}}]}},"code":["(function ($) {","  var q = require('qwery')","","  $._select = function (s, r) {","    // detect if sibling module 'bonzo' is available at run-time","    // rather than load-time since technically it's not a dependency and","    // can be loaded in any order","    // hence the lazy function re-definition","    return ($._select = (function () {","      var b","      if (typeof $.create == 'function') return function (s, r) {","        return /^\\s*</.test(s) ? $.create(s, r) : q(s, r)","      }","      try {","        b = require('bonzo')","        return function (s, r) {","          return /^\\s*</.test(s) ? b.create(s, r) : q(s, r)","        }","      } catch (e) { }","      return q","    })())(s, r)","  }","","  $.ender({","      find: function (s) {","        var r = [], i, l, j, k, els","        for (i = 0, l = this.length; i < l; i++) {","          els = q(s, this[i])","          for (j = 0, k = els.length; j < k; j++) r.push(els[j])","        }","        return $(q.uniq(r))","      }","    , and: function (s) {","        var plus = $(s)","        for (var i = this.length, j = 0, l = this.length + plus.length; i < l; i++, j++) {","          this[i] = plus[j]","        }","        this.length += plus.length","        return this","      }","  }, true)","}(ender));",""],"l":{"1":2,"2":0,"4":0,"9":0,"10":0,"11":0,"12":0,"14":0,"15":0,"16":0,"17":0,"20":0,"24":0,"26":0,"27":0,"28":0,"29":0,"31":0,"34":0,"35":0,"36":0,"38":0,"39":0}},"/home/travis/build/npmtest/node-npmtest-qwery/node_modules/qwery/src/qwery.js":{"path":"/home/travis/build/npmtest/node-npmtest-qwery/node_modules/qwery/src/qwery.js","s":{"1":2,"2":2,"3":2,"4":0,"5":0,"6":0,"7":2,"8":0,"9":0,"10":0,"11":0,"12":1,"13":0,"14":1,"15":0,"16":0,"17":1,"18":0,"19":1,"20":0,"21":0,"22":0,"23":1,"24":0,"25":0,"26":0,"27":0,"28":0,"29":0,"30":0,"31":0,"32":1,"33":0,"34":0,"35":0,"36":0,"37":0,"38":0,"39":0,"40":1,"41":0,"42":0,"43":0,"44":0,"45":0,"46":0,"47":0,"48":0,"49":0,"50":0,"51":0,"52":0,"53":0,"54":0},"b":{"1":[2,0],"2":[2,2],"3":[0,0],"4":[0,0],"5":[0,0],"6":[0,0],"7":[0,0],"8":[0,0],"9":[0,0,0,0,0],"10":[0,0],"11":[0,0],"12":[0,0],"13":[0,0],"14":[0,0],"15":[0,0],"16":[0,0],"17":[0,0],"18":[0,0],"19":[0,0],"20":[0,0],"21":[0,0],"22":[0,0,0,0],"23":[0,0],"24":[0,0],"25":[0,0],"26":[0,0,0],"27":[0,0],"28":[0,0,0,0],"29":[0,0]},"f":{"1":2,"2":2,"3":0,"4":0,"5":0,"6":0,"7":0,"8":0,"9":0,"10":0,"11":0},"fnMap":{"1":{"name":"(anonymous_1)","line":1,"loc":{"start":{"line":1,"column":1},"end":{"line":1,"column":38}}},"2":{"name":"(anonymous_2)","line":5,"loc":{"start":{"line":5,"column":18},"end":{"line":5,"column":30}}},"3":{"name":"(anonymous_3)","line":13,"loc":{"start":{"line":13,"column":4},"end":{"line":13,"column":34}}},"4":{"name":"(anonymous_4)","line":16,"loc":{"start":{"line":16,"column":4},"end":{"line":16,"column":34}}},"5":{"name":"toArray","line":21,"loc":{"start":{"line":21,"column":2},"end":{"line":21,"column":23}}},"6":{"name":"isNode","line":25,"loc":{"start":{"line":25,"column":2},"end":{"line":25,"column":22}}},"7":{"name":"arrayLike","line":30,"loc":{"start":{"line":30,"column":2},"end":{"line":30,"column":24}}},"8":{"name":"flatten","line":34,"loc":{"start":{"line":34,"column":2},"end":{"line":34,"column":23}}},"9":{"name":"uniq","line":39,"loc":{"start":{"line":39,"column":2},"end":{"line":39,"column":20}}},"10":{"name":"normalizeRoot","line":54,"loc":{"start":{"line":54,"column":2},"end":{"line":54,"column":31}}},"11":{"name":"qwery","line":66,"loc":{"start":{"line":66,"column":2},"end":{"line":66,"column":37}}}},"statementMap":{"1":{"start":{"line":1,"column":0},"end":{"line":88,"column":9}},"2":{"start":{"line":2,"column":2},"end":{"line":4,"column":35}},"3":{"start":{"line":2,"column":54},"end":{"line":2,"column":83}},"4":{"start":{"line":3,"column":7},"end":{"line":4,"column":35}},"5":{"start":{"line":3,"column":54},"end":{"line":3,"column":72}},"6":{"start":{"line":4,"column":7},"end":{"line":4,"column":35}},"7":{"start":{"line":7,"column":2},"end":{"line":11,"column":27}},"8":{"start":{"line":12,"column":2},"end":{"line":19,"column":5}},"9":{"start":{"line":14,"column":6},"end":{"line":14,"column":68}},"10":{"start":{"line":17,"column":6},"end":{"line":17,"column":76}},"11":{"start":{"line":18,"column":6},"end":{"line":18,"column":65}},"12":{"start":{"line":21,"column":2},"end":{"line":23,"column":3}},"13":{"start":{"line":22,"column":4},"end":{"line":22,"column":31}},"14":{"start":{"line":25,"column":2},"end":{"line":28,"column":3}},"15":{"start":{"line":26,"column":4},"end":{"line":26,"column":9}},"16":{"start":{"line":27,"column":4},"end":{"line":27,"column":82}},"17":{"start":{"line":30,"column":2},"end":{"line":32,"column":3}},"18":{"start":{"line":31,"column":4},"end":{"line":31,"column":56}},"19":{"start":{"line":34,"column":2},"end":{"line":37,"column":3}},"20":{"start":{"line":35,"column":4},"end":{"line":35,"column":119}},"21":{"start":{"line":35,"column":55},"end":{"line":35,"column":119}},"22":{"start":{"line":36,"column":4},"end":{"line":36,"column":12}},"23":{"start":{"line":39,"column":2},"end":{"line":51,"column":3}},"24":{"start":{"line":40,"column":4},"end":{"line":40,"column":20}},"25":{"start":{"line":41,"column":4},"end":{"line":49,"column":5}},"26":{"start":{"line":42,"column":4},"end":{"line":49,"column":5}},"27":{"start":{"line":43,"column":6},"end":{"line":47,"column":7}},"28":{"start":{"line":44,"column":8},"end":{"line":46,"column":9}},"29":{"start":{"line":45,"column":10},"end":{"line":45,"column":24}},"30":{"start":{"line":48,"column":6},"end":{"line":48,"column":25}},"31":{"start":{"line":50,"column":4},"end":{"line":50,"column":12}},"32":{"start":{"line":54,"column":2},"end":{"line":59,"column":3}},"33":{"start":{"line":55,"column":4},"end":{"line":55,"column":25}},"34":{"start":{"line":55,"column":15},"end":{"line":55,"column":25}},"35":{"start":{"line":56,"column":4},"end":{"line":56,"column":54}},"36":{"start":{"line":56,"column":33},"end":{"line":56,"column":54}},"37":{"start":{"line":57,"column":4},"end":{"line":57,"column":58}},"38":{"start":{"line":57,"column":44},"end":{"line":57,"column":58}},"39":{"start":{"line":58,"column":4},"end":{"line":58,"column":15}},"40":{"start":{"line":66,"column":2},"end":{"line":83,"column":3}},"41":{"start":{"line":67,"column":4},"end":{"line":67,"column":41}},"42":{"start":{"line":68,"column":4},"end":{"line":68,"column":37}},"43":{"start":{"line":68,"column":28},"end":{"line":68,"column":37}},"44":{"start":{"line":69,"column":4},"end":{"line":71,"column":5}},"45":{"start":{"line":70,"column":6},"end":{"line":70,"column":108}},"46":{"start":{"line":72,"column":4},"end":{"line":72,"column":65}},"47":{"start":{"line":72,"column":41},"end":{"line":72,"column":65}},"48":{"start":{"line":75,"column":4},"end":{"line":77,"column":5}},"49":{"start":{"line":76,"column":6},"end":{"line":76,"column":57}},"50":{"start":{"line":79,"column":4},"end":{"line":81,"column":5}},"51":{"start":{"line":80,"column":6},"end":{"line":80,"column":40}},"52":{"start":{"line":82,"column":4},"end":{"line":82,"column":53}},"53":{"start":{"line":85,"column":2},"end":{"line":85,"column":19}},"54":{"start":{"line":87,"column":2},"end":{"line":87,"column":14}}},"branchMap":{"1":{"line":2,"type":"if","locations":[{"start":{"line":2,"column":2},"end":{"line":2,"column":2}},{"start":{"line":2,"column":2},"end":{"line":2,"column":2}}]},"2":{"line":2,"type":"binary-expr","locations":[{"start":{"line":2,"column":6},"end":{"line":2,"column":34}},{"start":{"line":2,"column":38},"end":{"line":2,"column":52}}]},"3":{"line":3,"type":"if","locations":[{"start":{"line":3,"column":7},"end":{"line":3,"column":7}},{"start":{"line":3,"column":7},"end":{"line":3,"column":7}}]},"4":{"line":3,"type":"binary-expr","locations":[{"start":{"line":3,"column":11},"end":{"line":3,"column":38}},{"start":{"line":3,"column":42},"end":{"line":3,"column":52}}]},"5":{"line":12,"type":"cond-expr","locations":[{"start":{"line":13,"column":4},"end":{"line":15,"column":5}},{"start":{"line":16,"column":4},"end":{"line":19,"column":5}}]},"6":{"line":17,"type":"cond-expr","locations":[{"start":{"line":17,"column":60},"end":{"line":17,"column":64}},{"start":{"line":17,"column":67},"end":{"line":17,"column":76}}]},"7":{"line":17,"type":"binary-expr","locations":[{"start":{"line":17,"column":18},"end":{"line":17,"column":34}},{"start":{"line":17,"column":38},"end":{"line":17,"column":57}}]},"8":{"line":18,"type":"binary-expr","locations":[{"start":{"line":18,"column":13},"end":{"line":18,"column":34}},{"start":{"line":18,"column":38},"end":{"line":18,"column":65}}]},"9":{"line":27,"type":"binary-expr","locations":[{"start":{"line":27,"column":11},"end":{"line":27,"column":13}},{"start":{"line":27,"column":17},"end":{"line":27,"column":39}},{"start":{"line":27,"column":44},"end":{"line":27,"column":59}},{"start":{"line":27,"column":65},"end":{"line":27,"column":71}},{"start":{"line":27,"column":75},"end":{"line":27,"column":81}}]},"10":{"line":31,"type":"binary-expr","locations":[{"start":{"line":31,"column":12},"end":{"line":31,"column":33}},{"start":{"line":31,"column":37},"end":{"line":31,"column":55}}]},"11":{"line":35,"type":"cond-expr","locations":[{"start":{"line":35,"column":75},"end":{"line":35,"column":94}},{"start":{"line":35,"column":99},"end":{"line":35,"column":118}}]},"12":{"line":44,"type":"if","locations":[{"start":{"line":44,"column":8},"end":{"line":44,"column":8}},{"start":{"line":44,"column":8},"end":{"line":44,"column":8}}]},"13":{"line":55,"type":"if","locations":[{"start":{"line":55,"column":4},"end":{"line":55,"column":4}},{"start":{"line":55,"column":4},"end":{"line":55,"column":4}}]},"14":{"line":56,"type":"if","locations":[{"start":{"line":56,"column":4},"end":{"line":56,"column":4}},{"start":{"line":56,"column":4},"end":{"line":56,"column":4}}]},"15":{"line":57,"type":"if","locations":[{"start":{"line":57,"column":4},"end":{"line":57,"column":4}},{"start":{"line":57,"column":4},"end":{"line":57,"column":4}}]},"16":{"line":57,"type":"binary-expr","locations":[{"start":{"line":57,"column":8},"end":{"line":57,"column":23}},{"start":{"line":57,"column":27},"end":{"line":57,"column":42}}]},"17":{"line":68,"type":"if","locations":[{"start":{"line":68,"column":4},"end":{"line":68,"column":4}},{"start":{"line":68,"column":4},"end":{"line":68,"column":4}}]},"18":{"line":68,"type":"binary-expr","locations":[{"start":{"line":68,"column":8},"end":{"line":68,"column":13}},{"start":{"line":68,"column":17},"end":{"line":68,"column":26}}]},"19":{"line":69,"type":"if","locations":[{"start":{"line":69,"column":4},"end":{"line":69,"column":4}},{"start":{"line":69,"column":4},"end":{"line":69,"column":4}}]},"20":{"line":69,"type":"binary-expr","locations":[{"start":{"line":69,"column":8},"end":{"line":69,"column":24}},{"start":{"line":69,"column":28},"end":{"line":69,"column":44}}]},"21":{"line":70,"type":"cond-expr","locations":[{"start":{"line":70,"column":93},"end":{"line":70,"column":103}},{"start":{"line":70,"column":106},"end":{"line":70,"column":108}}]},"22":{"line":70,"type":"binary-expr","locations":[{"start":{"line":70,"column":13},"end":{"line":70,"column":22}},{"start":{"line":70,"column":27},"end":{"line":70,"column":43}},{"start":{"line":70,"column":47},"end":{"line":70,"column":59}},{"start":{"line":70,"column":63},"end":{"line":70,"column":89}}]},"23":{"line":72,"type":"if","locations":[{"start":{"line":72,"column":4},"end":{"line":72,"column":4}},{"start":{"line":72,"column":4},"end":{"line":72,"column":4}}]},"24":{"line":72,"type":"binary-expr","locations":[{"start":{"line":72,"column":8},"end":{"line":72,"column":16}},{"start":{"line":72,"column":20},"end":{"line":72,"column":39}}]},"25":{"line":75,"type":"if","locations":[{"start":{"line":75,"column":4},"end":{"line":75,"column":4}},{"start":{"line":75,"column":4},"end":{"line":75,"column":4}}]},"26":{"line":75,"type":"binary-expr","locations":[{"start":{"line":75,"column":8},"end":{"line":75,"column":34}},{"start":{"line":75,"column":38},"end":{"line":75,"column":58}},{"start":{"line":75,"column":63},"end":{"line":75,"column":92}}]},"27":{"line":79,"type":"if","locations":[{"start":{"line":79,"column":4},"end":{"line":79,"column":4}},{"start":{"line":79,"column":4},"end":{"line":79,"column":4}}]},"28":{"line":79,"type":"binary-expr","locations":[{"start":{"line":79,"column":8},"end":{"line":79,"column":16}},{"start":{"line":79,"column":21},"end":{"line":79,"column":38}},{"start":{"line":79,"column":43},"end":{"line":79,"column":60}},{"start":{"line":79,"column":64},"end":{"line":79,"column":86}}]},"29":{"line":80,"type":"cond-expr","locations":[{"start":{"line":80,"column":25},"end":{"line":80,"column":35}},{"start":{"line":80,"column":38},"end":{"line":80,"column":40}}]}},"code":["(function (name, context, definition) {","  if (typeof module != 'undefined' && module.exports) module.exports = definition()","  else if (typeof define == 'function' && define.amd) define(definition)","  else context[name] = definition()","})('qwery', this, function () {","","  var classOnly = /^\\.([\\w\\-]+)$/","    , doc = document","    , win = window","    , html = doc.documentElement","    , nodeType = 'nodeType'","  var isAncestor = 'compareDocumentPosition' in html ?","    function (element, container) {","      return (container.compareDocumentPosition(element) & 16) == 16","    } :","    function (element, container) {","      container = container == doc || container == window ? html : container","      return container !== element && container.contains(element)","    }","","  function toArray(ar) {","    return [].slice.call(ar, 0)","  }","","  function isNode(el) {","    var t","    return el && typeof el === 'object' && (t = el.nodeType) && (t == 1 || t == 9)","  }","","  function arrayLike(o) {","    return (typeof o === 'object' && isFinite(o.length))","  }","","  function flatten(ar) {","    for (var r = [], i = 0, l = ar.length; i < l; ++i) arrayLike(ar[i]) ? (r = r.concat(ar[i])) : (r[r.length] = ar[i])","    return r","  }","","  function uniq(ar) {","    var a = [], i, j","    label:","    for (i = 0; i < ar.length; i++) {","      for (j = 0; j < a.length; j++) {","        if (a[j] == ar[i]) {","          continue label","        }","      }","      a[a.length] = ar[i]","    }","    return a","  }","","","  function normalizeRoot(root) {","    if (!root) return doc","    if (typeof root == 'string') return qwery(root)[0]","    if (!root[nodeType] && arrayLike(root)) return root[0]","    return root","  }","","  /**","   * @param {string|Array.<Element>|Element|Node} selector","   * @param {string|Array.<Element>|Element|Node=} opt_root","   * @return {Array.<Element>}","   */","  function qwery(selector, opt_root) {","    var m, root = normalizeRoot(opt_root)","    if (!root || !selector) return []","    if (selector === win || isNode(selector)) {","      return !opt_root || (selector !== win && isNode(root) && isAncestor(selector, root)) ? [selector] : []","    }","    if (selector && arrayLike(selector)) return flatten(selector)","","","    if (doc.getElementsByClassName && selector == 'string' && (m = selector.match(classOnly))) {","      return toArray((root).getElementsByClassName(m[1]))","    }","    // using duck typing for 'a' window or 'a' document (not 'the' window || document)","    if (selector && (selector.document || (selector.nodeType && selector.nodeType == 9))) {","      return !opt_root ? [selector] : []","    }","    return toArray((root).querySelectorAll(selector))","  }","","  qwery.uniq = uniq","","  return qwery","}, this);",""],"l":{"1":2,"2":2,"3":0,"4":0,"7":2,"12":0,"14":0,"17":0,"18":0,"21":1,"22":0,"25":1,"26":0,"27":0,"30":1,"31":0,"34":1,"35":0,"36":0,"39":1,"40":0,"41":0,"42":0,"43":0,"44":0,"45":0,"48":0,"50":0,"54":1,"55":0,"56":0,"57":0,"58":0,"66":1,"67":0,"68":0,"69":0,"70":0,"72":0,"75":0,"76":0,"79":0,"80":0,"82":0,"85":0,"87":0}}}